0 info it worked if it ends with ok
1 verbose cli [ '/usr/local/bin/node',
1 verbose cli   '/usr/local/bin/npm',
1 verbose cli   'install',
1 verbose cli   '--save',
1 verbose cli   'ng-image-input-with-preview' ]
2 info using npm@3.10.3
3 info using node@v6.4.0
4 silly loadCurrentTree Starting
5 silly install loadCurrentTree
6 silly install readLocalPackageData
7 silly fetchPackageMetaData ng-image-input-with-preview
8 silly fetchNamedPackageData ng-image-input-with-preview
9 silly mapToRegistry name ng-image-input-with-preview
10 silly mapToRegistry using default registry
11 silly mapToRegistry registry https://registry.npmjs.org/
12 silly mapToRegistry data Result {
12 silly mapToRegistry   raw: 'ng-image-input-with-preview',
12 silly mapToRegistry   scope: null,
12 silly mapToRegistry   escapedName: 'ng-image-input-with-preview',
12 silly mapToRegistry   name: 'ng-image-input-with-preview',
12 silly mapToRegistry   rawSpec: '',
12 silly mapToRegistry   spec: 'latest',
12 silly mapToRegistry   type: 'tag' }
13 silly mapToRegistry uri https://registry.npmjs.org/ng-image-input-with-preview
14 verbose request uri https://registry.npmjs.org/ng-image-input-with-preview
15 verbose request no auth needed
16 info attempt registry request try #1 at 9:16:56 PM
17 verbose request id c437c7065dead949
18 verbose etag "6DD8SZXR5N23RTXK3LOAJALJQ"
19 http request GET https://registry.npmjs.org/ng-image-input-with-preview
20 http 304 https://registry.npmjs.org/ng-image-input-with-preview
21 verbose headers { date: 'Wed, 09 Nov 2016 07:16:57 GMT',
21 verbose headers   via: '1.1 varnish',
21 verbose headers   'cache-control': 'max-age=300',
21 verbose headers   etag: '"6DD8SZXR5N23RTXK3LOAJALJQ"',
21 verbose headers   age: '53',
21 verbose headers   connection: 'keep-alive',
21 verbose headers   'x-served-by': 'cache-lax8636-LAX',
21 verbose headers   'x-cache': 'HIT',
21 verbose headers   'x-cache-hits': '1',
21 verbose headers   'x-timer': 'S1478675817.055500,VS0,VE0',
21 verbose headers   vary: 'Accept-Encoding' }
22 silly get cb [ 304,
22 silly get   { date: 'Wed, 09 Nov 2016 07:16:57 GMT',
22 silly get     via: '1.1 varnish',
22 silly get     'cache-control': 'max-age=300',
22 silly get     etag: '"6DD8SZXR5N23RTXK3LOAJALJQ"',
22 silly get     age: '53',
22 silly get     connection: 'keep-alive',
22 silly get     'x-served-by': 'cache-lax8636-LAX',
22 silly get     'x-cache': 'HIT',
22 silly get     'x-cache-hits': '1',
22 silly get     'x-timer': 'S1478675817.055500,VS0,VE0',
22 silly get     vary: 'Accept-Encoding' } ]
23 verbose etag https://registry.npmjs.org/ng-image-input-with-preview from cache
24 verbose get saving ng-image-input-with-preview to /Users/aaronarakawa/.npm/registry.npmjs.org/ng-image-input-with-preview/.cache.json
25 verbose correctMkdir /Users/aaronarakawa/.npm correctMkdir not in flight; initializing
26 silly install normalizeTree
27 silly loadCurrentTree Finishing
28 silly loadIdealTree Starting
29 silly install loadIdealTree
30 silly cloneCurrentTree Starting
31 silly install cloneCurrentTreeToIdealTree
32 silly cloneCurrentTree Finishing
33 silly loadShrinkwrap Starting
34 silly install loadShrinkwrap
35 silly loadShrinkwrap Finishing
36 silly loadAllDepsIntoIdealTree Starting
37 silly install loadAllDepsIntoIdealTree
38 silly resolveWithNewModule ng-image-input-with-preview@0.0.5 checking installable status
39 silly cache add args [ 'ng-image-input-with-preview', null ]
40 verbose cache add spec ng-image-input-with-preview
41 silly cache add parsed spec Result {
41 silly cache add   raw: 'ng-image-input-with-preview',
41 silly cache add   scope: null,
41 silly cache add   escapedName: 'ng-image-input-with-preview',
41 silly cache add   name: 'ng-image-input-with-preview',
41 silly cache add   rawSpec: '',
41 silly cache add   spec: 'latest',
41 silly cache add   type: 'tag' }
42 silly addNamed ng-image-input-with-preview@latest
43 verbose addNamed "latest" is being treated as a dist-tag for ng-image-input-with-preview
44 info addNameTag [ 'ng-image-input-with-preview', 'latest' ]
45 silly mapToRegistry name ng-image-input-with-preview
46 silly mapToRegistry using default registry
47 silly mapToRegistry registry https://registry.npmjs.org/
48 silly mapToRegistry data Result {
48 silly mapToRegistry   raw: 'ng-image-input-with-preview',
48 silly mapToRegistry   scope: null,
48 silly mapToRegistry   escapedName: 'ng-image-input-with-preview',
48 silly mapToRegistry   name: 'ng-image-input-with-preview',
48 silly mapToRegistry   rawSpec: '',
48 silly mapToRegistry   spec: 'latest',
48 silly mapToRegistry   type: 'tag' }
49 silly mapToRegistry uri https://registry.npmjs.org/ng-image-input-with-preview
50 verbose addNameTag registry:https://registry.npmjs.org/ng-image-input-with-preview not in flight; fetching
51 verbose get https://registry.npmjs.org/ng-image-input-with-preview not expired, no request
52 silly addNameTag next cb for ng-image-input-with-preview with tag latest
53 silly addNamed ng-image-input-with-preview@0.0.5
54 verbose addNamed "0.0.5" is a plain semver version for ng-image-input-with-preview
55 silly cache afterAdd ng-image-input-with-preview@0.0.5
56 verbose afterAdd /Users/aaronarakawa/.npm/ng-image-input-with-preview/0.0.5/package/package.json not in flight; writing
57 verbose correctMkdir /Users/aaronarakawa/.npm correctMkdir not in flight; initializing
58 verbose afterAdd /Users/aaronarakawa/.npm/ng-image-input-with-preview/0.0.5/package/package.json written
59 silly loadAllDepsIntoIdealTree Finishing
60 silly loadIdealTree Finishing
61 silly currentTree frenzone@1.0.0
61 silly currentTree ├── abbrev@1.0.9
61 silly currentTree ├─┬ accepts@1.1.4
61 silly currentTree │ ├── mime-db@1.12.0
61 silly currentTree │ └── mime-types@2.0.14
61 silly currentTree ├── acorn@3.3.0
61 silly currentTree ├── after@0.8.1
61 silly currentTree ├── align-text@0.1.4
61 silly currentTree ├── alphanum-sort@1.0.2
61 silly currentTree ├── amdefine@1.0.1
61 silly currentTree ├── angular-mocks@1.5.8
61 silly currentTree ├── angular-ui-router@0.3.2
61 silly currentTree ├── angular@1.5.8
61 silly currentTree ├── ansi-regex@2.0.0
61 silly currentTree ├── ansi-styles@2.2.1
61 silly currentTree ├── anymatch@1.3.0
61 silly currentTree ├── argparse@1.0.9
61 silly currentTree ├── arr-diff@2.0.0
61 silly currentTree ├── arr-flatten@1.0.1
61 silly currentTree ├── array-find-index@1.0.2
61 silly currentTree ├── array-flatten@1.1.1
61 silly currentTree ├── array-slice@0.2.3
61 silly currentTree ├── array-unique@0.2.1
61 silly currentTree ├── arraybuffer.slice@0.0.6
61 silly currentTree ├── arrify@1.0.1
61 silly currentTree ├── asn1.js@4.9.0
61 silly currentTree ├── asn1@0.2.3
61 silly currentTree ├── assert-plus@0.2.0
61 silly currentTree ├── assert@1.4.1
61 silly currentTree ├── async-each@1.0.1
61 silly currentTree ├── async@1.5.2
61 silly currentTree ├── autoprefixer@6.5.2
61 silly currentTree ├── aws-sign2@0.6.0
61 silly currentTree ├── aws4@1.5.0
61 silly currentTree ├── babel-code-frame@6.16.0
61 silly currentTree ├── babel-core@6.18.2
61 silly currentTree ├── babel-generator@6.18.0
61 silly currentTree ├── babel-helper-call-delegate@6.18.0
61 silly currentTree ├── babel-helper-define-map@6.18.0
61 silly currentTree ├── babel-helper-function-name@6.18.0
61 silly currentTree ├── babel-helper-get-function-arity@6.18.0
61 silly currentTree ├── babel-helper-hoist-variables@6.18.0
61 silly currentTree ├── babel-helper-optimise-call-expression@6.18.0
61 silly currentTree ├── babel-helper-regex@6.18.0
61 silly currentTree ├── babel-helper-replace-supers@6.18.0
61 silly currentTree ├── babel-helpers@6.16.0
61 silly currentTree ├── babel-loader@6.2.7
61 silly currentTree ├── babel-messages@6.8.0
61 silly currentTree ├── babel-plugin-check-es2015-constants@6.8.0
61 silly currentTree ├── babel-plugin-transform-es2015-arrow-functions@6.8.0
61 silly currentTree ├── babel-plugin-transform-es2015-block-scoped-functions@6.8.0
61 silly currentTree ├── babel-plugin-transform-es2015-block-scoping@6.18.0
61 silly currentTree ├── babel-plugin-transform-es2015-classes@6.18.0
61 silly currentTree ├── babel-plugin-transform-es2015-computed-properties@6.8.0
61 silly currentTree ├── babel-plugin-transform-es2015-destructuring@6.18.0
61 silly currentTree ├── babel-plugin-transform-es2015-duplicate-keys@6.8.0
61 silly currentTree ├── babel-plugin-transform-es2015-for-of@6.18.0
61 silly currentTree ├── babel-plugin-transform-es2015-function-name@6.9.0
61 silly currentTree ├── babel-plugin-transform-es2015-literals@6.8.0
61 silly currentTree ├── babel-plugin-transform-es2015-modules-amd@6.18.0
61 silly currentTree ├── babel-plugin-transform-es2015-modules-commonjs@6.18.0
61 silly currentTree ├── babel-plugin-transform-es2015-modules-systemjs@6.18.0
61 silly currentTree ├── babel-plugin-transform-es2015-modules-umd@6.18.0
61 silly currentTree ├── babel-plugin-transform-es2015-object-super@6.8.0
61 silly currentTree ├── babel-plugin-transform-es2015-parameters@6.18.0
61 silly currentTree ├── babel-plugin-transform-es2015-shorthand-properties@6.18.0
61 silly currentTree ├── babel-plugin-transform-es2015-spread@6.8.0
61 silly currentTree ├── babel-plugin-transform-es2015-sticky-regex@6.8.0
61 silly currentTree ├── babel-plugin-transform-es2015-template-literals@6.8.0
61 silly currentTree ├── babel-plugin-transform-es2015-typeof-symbol@6.18.0
61 silly currentTree ├── babel-plugin-transform-es2015-unicode-regex@6.11.0
61 silly currentTree ├── babel-plugin-transform-regenerator@6.16.1
61 silly currentTree ├── babel-plugin-transform-strict-mode@6.18.0
61 silly currentTree ├── babel-preset-es2015@6.18.0
61 silly currentTree ├── babel-register@6.18.0
61 silly currentTree ├── babel-runtime@6.18.0
61 silly currentTree ├── babel-template@6.16.0
61 silly currentTree ├── babel-traverse@6.18.0
61 silly currentTree ├── babel-types@6.18.0
61 silly currentTree ├── babylon@6.13.1
61 silly currentTree ├── backo2@1.0.2
61 silly currentTree ├── balanced-match@0.4.2
61 silly currentTree ├── base64-arraybuffer@0.1.2
61 silly currentTree ├── base64-js@1.2.0
61 silly currentTree ├── Base64@0.2.1
61 silly currentTree ├── base64id@0.1.0
61 silly currentTree ├── batch@0.5.3
61 silly currentTree ├── bcrypt-pbkdf@1.0.0
61 silly currentTree ├── benchmark@1.0.0
61 silly currentTree ├── better-assert@1.0.2
61 silly currentTree ├── big.js@3.1.3
61 silly currentTree ├── binary-extensions@1.7.0
61 silly currentTree ├─┬ bl@1.1.2
61 silly currentTree │ ├── isarray@1.0.0
61 silly currentTree │ └── readable-stream@2.0.6
61 silly currentTree ├── blob@0.0.4
61 silly currentTree ├── bluebird@2.11.0
61 silly currentTree ├── bn.js@4.11.6
61 silly currentTree ├─┬ body-parser@1.15.2
61 silly currentTree │ ├── debug@2.2.0
61 silly currentTree │ └── ms@0.7.1
61 silly currentTree ├── boolbase@1.0.0
61 silly currentTree ├── boom@2.10.1
61 silly currentTree ├── brace-expansion@1.1.6
61 silly currentTree ├── braces@1.8.5
61 silly currentTree ├── brorand@1.0.6
61 silly currentTree ├── browserify-aes@1.0.6
61 silly currentTree ├── browserify-cipher@1.0.0
61 silly currentTree ├── browserify-des@1.0.0
61 silly currentTree ├── browserify-rsa@4.0.1
61 silly currentTree ├── browserify-sign@4.0.0
61 silly currentTree ├── browserify-zlib@0.1.4
61 silly currentTree ├── browserslist@1.4.0
61 silly currentTree ├── buffer-shims@1.0.0
61 silly currentTree ├── buffer-xor@1.0.3
61 silly currentTree ├─┬ buffer@4.9.1
61 silly currentTree │ └── isarray@1.0.0
61 silly currentTree ├── builtin-modules@1.1.1
61 silly currentTree ├── bytes@2.4.0
61 silly currentTree ├── callsite@1.0.0
61 silly currentTree ├── camel-case@3.0.0
61 silly currentTree ├─┬ camelcase-keys@2.1.0
61 silly currentTree │ └── camelcase@2.1.1
61 silly currentTree ├── camelcase@1.2.1
61 silly currentTree ├── caniuse-db@1.0.30000578
61 silly currentTree ├── caseless@0.11.0
61 silly currentTree ├── center-align@0.1.3
61 silly currentTree ├─┬ chalk@1.1.3
61 silly currentTree │ └── supports-color@2.0.0
61 silly currentTree ├── change-case@3.0.0
61 silly currentTree ├── chokidar@1.6.1
61 silly currentTree ├── cipher-base@1.0.3
61 silly currentTree ├── clap@1.1.1
61 silly currentTree ├─┬ clean-css@3.4.20
61 silly currentTree │ ├── commander@2.8.1
61 silly currentTree │ └── source-map@0.4.4
61 silly currentTree ├── cliui@2.1.0
61 silly currentTree ├── clone@1.0.2
61 silly currentTree ├── coa@1.0.1
61 silly currentTree ├── color-convert@1.6.0
61 silly currentTree ├── color-name@1.1.1
61 silly currentTree ├── color-string@0.3.0
61 silly currentTree ├── color@0.11.4
61 silly currentTree ├── colormin@1.1.2
61 silly currentTree ├── colors@1.1.2
61 silly currentTree ├── combine-lists@1.0.1
61 silly currentTree ├── combined-stream@1.0.5
61 silly currentTree ├── commander@2.9.0
61 silly currentTree ├── commondir@1.0.1
61 silly currentTree ├── component-bind@1.0.0
61 silly currentTree ├── component-emitter@1.1.2
61 silly currentTree ├── component-inherit@0.0.3
61 silly currentTree ├── compressible@2.0.9
61 silly currentTree ├─┬ compression@1.6.2
61 silly currentTree │ ├── accepts@1.3.3
61 silly currentTree │ ├── bytes@2.3.0
61 silly currentTree │ ├── debug@2.2.0
61 silly currentTree │ ├── ms@0.7.1
61 silly currentTree │ └── negotiator@0.6.1
61 silly currentTree ├── concat-map@0.0.1
61 silly currentTree ├─┬ concat-stream@1.5.0
61 silly currentTree │ ├── isarray@1.0.0
61 silly currentTree │ └── readable-stream@2.0.6
61 silly currentTree ├── connect-history-api-fallback@1.3.0
61 silly currentTree ├─┬ connect@3.5.0
61 silly currentTree │ ├── debug@2.2.0
61 silly currentTree │ └── ms@0.7.1
61 silly currentTree ├── console-browserify@1.1.0
61 silly currentTree ├── constant-case@2.0.0
61 silly currentTree ├── constants-browserify@1.0.0
61 silly currentTree ├── content-disposition@0.5.1
61 silly currentTree ├── content-type@1.0.2
61 silly currentTree ├── convert-source-map@1.3.0
61 silly currentTree ├── cookie-signature@1.0.6
61 silly currentTree ├── cookie@0.3.1
61 silly currentTree ├── copy-webpack-plugin@3.0.1
61 silly currentTree ├── core-js@2.4.1
61 silly currentTree ├── core-util-is@1.0.2
61 silly currentTree ├── create-ecdh@4.0.0
61 silly currentTree ├── create-hash@1.1.2
61 silly currentTree ├── create-hmac@1.1.4
61 silly currentTree ├── cryptiles@2.0.5
61 silly currentTree ├── crypto-browserify@3.11.0
61 silly currentTree ├── css-color-names@0.0.4
61 silly currentTree ├── css-loader@0.23.1
61 silly currentTree ├── css-select@1.2.0
61 silly currentTree ├── css-selector-tokenizer@0.5.4
61 silly currentTree ├── css-what@2.1.0
61 silly currentTree ├── cssesc@0.1.0
61 silly currentTree ├── cssnano@3.8.0
61 silly currentTree ├── csso@2.2.1
61 silly currentTree ├── currently-unhandled@0.4.1
61 silly currentTree ├── custom-event@1.0.1
61 silly currentTree ├─┬ dashdash@1.14.0
61 silly currentTree │ └── assert-plus@1.0.0
61 silly currentTree ├── date-now@0.1.4
61 silly currentTree ├── dateformat@1.0.12
61 silly currentTree ├── debug@2.3.0
61 silly currentTree ├── decamelize@1.2.0
61 silly currentTree ├── deep-is@0.1.3
61 silly currentTree ├── defined@1.0.0
61 silly currentTree ├── delayed-stream@1.0.0
61 silly currentTree ├── depd@1.1.0
61 silly currentTree ├── des.js@1.0.0
61 silly currentTree ├── destroy@1.0.4
61 silly currentTree ├── detect-indent@4.0.0
61 silly currentTree ├── di@0.0.1
61 silly currentTree ├── diffie-hellman@5.0.2
61 silly currentTree ├─┬ dom-converter@0.1.4
61 silly currentTree │ └── utila@0.3.3
61 silly currentTree ├── dom-serialize@2.2.1
61 silly currentTree ├─┬ dom-serializer@0.1.0
61 silly currentTree │ └── domelementtype@1.1.3
61 silly currentTree ├── domain-browser@1.1.7
61 silly currentTree ├── domelementtype@1.3.0
61 silly currentTree ├── domhandler@2.1.0
61 silly currentTree ├── domutils@1.5.1
61 silly currentTree ├── dot-case@2.1.0
61 silly currentTree ├── ecc-jsbn@0.1.1
61 silly currentTree ├── ee-first@1.1.1
61 silly currentTree ├── elliptic@6.3.2
61 silly currentTree ├── emojis-list@2.1.0
61 silly currentTree ├── encodeurl@1.0.1
61 silly currentTree ├─┬ engine.io-client@1.6.9
61 silly currentTree │ ├── debug@2.2.0
61 silly currentTree │ └── ms@0.7.1
61 silly currentTree ├─┬ engine.io-parser@1.2.4
61 silly currentTree │ └── has-binary@0.1.6
61 silly currentTree ├─┬ engine.io@1.6.10
61 silly currentTree │ ├── debug@2.2.0
61 silly currentTree │ └── ms@0.7.1
61 silly currentTree ├─┬ enhanced-resolve@0.9.1
61 silly currentTree │ └── memory-fs@0.2.0
61 silly currentTree ├── ent@2.2.0
61 silly currentTree ├── entities@1.1.1
61 silly currentTree ├── errno@0.1.4
61 silly currentTree ├── error-ex@1.3.0
61 silly currentTree ├── es6-promise@4.0.5
61 silly currentTree ├── escape-html@1.0.3
61 silly currentTree ├── escape-string-regexp@1.0.5
61 silly currentTree ├─┬ escodegen@1.8.1
61 silly currentTree │ └── source-map@0.2.0
61 silly currentTree ├── esprima@2.7.3
61 silly currentTree ├── estraverse@1.9.3
61 silly currentTree ├── esutils@2.0.2
61 silly currentTree ├── etag@1.7.0
61 silly currentTree ├── eventemitter3@1.2.0
61 silly currentTree ├── events@1.1.1
61 silly currentTree ├── eventsource@0.1.6
61 silly currentTree ├── evp_bytestokey@1.0.0
61 silly currentTree ├─┬ expand-braces@0.1.2
61 silly currentTree │ ├── braces@0.1.5
61 silly currentTree │ ├── expand-range@0.1.1
61 silly currentTree │ ├── is-number@0.1.1
61 silly currentTree │ └── repeat-string@0.2.2
61 silly currentTree ├── expand-brackets@0.1.5
61 silly currentTree ├── expand-range@1.8.2
61 silly currentTree ├─┬ express@4.14.0
61 silly currentTree │ ├── accepts@1.3.3
61 silly currentTree │ ├── debug@2.2.0
61 silly currentTree │ ├── ms@0.7.1
61 silly currentTree │ └── negotiator@0.6.1
61 silly currentTree ├── extend@3.0.0
61 silly currentTree ├── extglob@0.3.2
61 silly currentTree ├── extract-text-webpack-plugin@1.0.1
61 silly currentTree ├─┬ extract-zip@1.5.0
61 silly currentTree │ ├── debug@0.7.4
61 silly currentTree │ └── mkdirp@0.5.0
61 silly currentTree ├── extsprintf@1.0.2
61 silly currentTree ├── fast-levenshtein@2.0.5
61 silly currentTree ├── fastparse@1.1.1
61 silly currentTree ├── faye-websocket@0.10.0
61 silly currentTree ├── fd-slicer@1.0.1
61 silly currentTree ├── file-loader@0.9.0
61 silly currentTree ├── filename-regex@2.0.0
61 silly currentTree ├── fill-range@2.2.3
61 silly currentTree ├─┬ finalhandler@0.5.0
61 silly currentTree │ ├── debug@2.2.0
61 silly currentTree │ └── ms@0.7.1
61 silly currentTree ├── find-cache-dir@0.1.1
61 silly currentTree ├── find-up@1.1.2
61 silly currentTree ├── flatten@1.0.2
61 silly currentTree ├── for-in@0.1.6
61 silly currentTree ├── for-own@0.1.4
61 silly currentTree ├── forever-agent@0.6.1
61 silly currentTree ├─┬ form-data@1.0.1
61 silly currentTree │ └── async@2.1.2
61 silly currentTree ├── forwarded@0.1.0
61 silly currentTree ├── fresh@0.3.0
61 silly currentTree ├── fs-extra@0.26.7
61 silly currentTree ├── fs.realpath@1.0.0
61 silly currentTree ├─┬ fsevents@1.0.15
61 silly currentTree │ ├── abbrev@1.0.9
61 silly currentTree │ ├── ansi-regex@2.0.0
61 silly currentTree │ ├── ansi-styles@2.2.1
61 silly currentTree │ ├── aproba@1.0.4
61 silly currentTree │ ├── are-we-there-yet@1.1.2
61 silly currentTree │ ├── asn1@0.2.3
61 silly currentTree │ ├── assert-plus@0.2.0
61 silly currentTree │ ├── async@1.5.2
61 silly currentTree │ ├── aws-sign2@0.6.0
61 silly currentTree │ ├── aws4@1.4.1
61 silly currentTree │ ├── balanced-match@0.4.2
61 silly currentTree │ ├─┬ bl@1.1.2
61 silly currentTree │ │ └── readable-stream@2.0.6
61 silly currentTree │ ├── block-stream@0.0.9
61 silly currentTree │ ├── boom@2.10.1
61 silly currentTree │ ├── brace-expansion@1.1.5
61 silly currentTree │ ├── buffer-shims@1.0.0
61 silly currentTree │ ├── caseless@0.11.0
61 silly currentTree │ ├── chalk@1.1.3
61 silly currentTree │ ├── code-point-at@1.0.0
61 silly currentTree │ ├── combined-stream@1.0.5
61 silly currentTree │ ├── commander@2.9.0
61 silly currentTree │ ├── concat-map@0.0.1
61 silly currentTree │ ├── console-control-strings@1.1.0
61 silly currentTree │ ├── core-util-is@1.0.2
61 silly currentTree │ ├── cryptiles@2.0.5
61 silly currentTree │ ├─┬ dashdash@1.14.0
61 silly currentTree │ │ └── assert-plus@1.0.0
61 silly currentTree │ ├── debug@2.2.0
61 silly currentTree │ ├── deep-extend@0.4.1
61 silly currentTree │ ├── delayed-stream@1.0.0
61 silly currentTree │ ├── delegates@1.0.0
61 silly currentTree │ ├── ecc-jsbn@0.1.1
61 silly currentTree │ ├── escape-string-regexp@1.0.5
61 silly currentTree │ ├── extend@3.0.0
61 silly currentTree │ ├── extsprintf@1.0.2
61 silly currentTree │ ├── forever-agent@0.6.1
61 silly currentTree │ ├── form-data@1.0.0-rc4
61 silly currentTree │ ├── fs.realpath@1.0.0
61 silly currentTree │ ├── fstream-ignore@1.0.5
61 silly currentTree │ ├── fstream@1.0.10
61 silly currentTree │ ├── gauge@2.6.0
61 silly currentTree │ ├── generate-function@2.0.0
61 silly currentTree │ ├── generate-object-property@1.2.0
61 silly currentTree │ ├─┬ getpass@0.1.6
61 silly currentTree │ │ └── assert-plus@1.0.0
61 silly currentTree │ ├── glob@7.0.5
61 silly currentTree │ ├── graceful-fs@4.1.4
61 silly currentTree │ ├── graceful-readlink@1.0.1
61 silly currentTree │ ├── har-validator@2.0.6
61 silly currentTree │ ├── has-ansi@2.0.0
61 silly currentTree │ ├── has-color@0.1.7
61 silly currentTree │ ├── has-unicode@2.0.1
61 silly currentTree │ ├── hawk@3.1.3
61 silly currentTree │ ├── hoek@2.16.3
61 silly currentTree │ ├── http-signature@1.1.1
61 silly currentTree │ ├── inflight@1.0.5
61 silly currentTree │ ├── inherits@2.0.1
61 silly currentTree │ ├── ini@1.3.4
61 silly currentTree │ ├── is-fullwidth-code-point@1.0.0
61 silly currentTree │ ├── is-my-json-valid@2.13.1
61 silly currentTree │ ├── is-property@1.0.2
61 silly currentTree │ ├── is-typedarray@1.0.0
61 silly currentTree │ ├── isarray@1.0.0
61 silly currentTree │ ├── isstream@0.1.2
61 silly currentTree │ ├── jodid25519@1.0.2
61 silly currentTree │ ├── jsbn@0.1.0
61 silly currentTree │ ├── json-schema@0.2.2
61 silly currentTree │ ├── json-stringify-safe@5.0.1
61 silly currentTree │ ├── jsonpointer@2.0.0
61 silly currentTree │ ├── jsprim@1.3.0
61 silly currentTree │ ├── mime-db@1.23.0
61 silly currentTree │ ├── mime-types@2.1.11
61 silly currentTree │ ├── minimatch@3.0.2
61 silly currentTree │ ├── minimist@0.0.8
61 silly currentTree │ ├── mkdirp@0.5.1
61 silly currentTree │ ├── ms@0.7.1
61 silly currentTree │ ├── node-pre-gyp@0.6.29
61 silly currentTree │ ├── node-uuid@1.4.7
61 silly currentTree │ ├── nopt@3.0.6
61 silly currentTree │ ├── npmlog@3.1.2
61 silly currentTree │ ├── number-is-nan@1.0.0
61 silly currentTree │ ├── oauth-sign@0.8.2
61 silly currentTree │ ├── object-assign@4.1.0
61 silly currentTree │ ├── once@1.3.3
61 silly currentTree │ ├── path-is-absolute@1.0.0
61 silly currentTree │ ├── pinkie-promise@2.0.1
61 silly currentTree │ ├── pinkie@2.0.4
61 silly currentTree │ ├── process-nextick-args@1.0.7
61 silly currentTree │ ├── qs@6.2.0
61 silly currentTree │ ├─┬ rc@1.1.6
61 silly currentTree │ │ └── minimist@1.2.0
61 silly currentTree │ ├── readable-stream@2.1.4
61 silly currentTree │ ├── request@2.73.0
61 silly currentTree │ ├── rimraf@2.5.3
61 silly currentTree │ ├── semver@5.2.0
61 silly currentTree │ ├── set-blocking@2.0.0
61 silly currentTree │ ├── signal-exit@3.0.0
61 silly currentTree │ ├── sntp@1.0.9
61 silly currentTree │ ├─┬ sshpk@1.8.3
61 silly currentTree │ │ └── assert-plus@1.0.0
61 silly currentTree │ ├── string_decoder@0.10.31
61 silly currentTree │ ├── string-width@1.0.1
61 silly currentTree │ ├── stringstream@0.0.5
61 silly currentTree │ ├── strip-ansi@3.0.1
61 silly currentTree │ ├── strip-json-comments@1.0.4
61 silly currentTree │ ├── supports-color@2.0.0
61 silly currentTree │ ├── tar-pack@3.1.4
61 silly currentTree │ ├── tar@2.2.1
61 silly currentTree │ ├── tough-cookie@2.2.2
61 silly currentTree │ ├── tunnel-agent@0.4.3
61 silly currentTree │ ├── tweetnacl@0.13.3
61 silly currentTree │ ├── uid-number@0.0.6
61 silly currentTree │ ├── util-deprecate@1.0.2
61 silly currentTree │ ├── verror@1.3.6
61 silly currentTree │ ├── wide-align@1.1.0
61 silly currentTree │ ├── wrappy@1.0.2
61 silly currentTree │ └── xtend@4.0.1
61 silly currentTree ├── function-bind@1.1.0
61 silly currentTree ├── generate-function@2.0.0
61 silly currentTree ├── generate-object-property@1.2.0
61 silly currentTree ├── get-stdin@4.0.1
61 silly currentTree ├─┬ getpass@0.1.6
61 silly currentTree │ └── assert-plus@1.0.0
61 silly currentTree ├── glob-base@0.3.0
61 silly currentTree ├── glob-parent@2.0.0
61 silly currentTree ├── glob@6.0.4
61 silly currentTree ├── globals@9.12.0
61 silly currentTree ├── graceful-fs@4.1.10
61 silly currentTree ├── graceful-readlink@1.0.1
61 silly currentTree ├─┬ handlebars@4.0.5
61 silly currentTree │ └── source-map@0.4.4
61 silly currentTree ├── har-validator@2.0.6
61 silly currentTree ├── has-ansi@2.0.0
61 silly currentTree ├── has-binary@0.1.7
61 silly currentTree ├── has-color@0.1.7
61 silly currentTree ├── has-cors@1.1.0
61 silly currentTree ├── has-flag@1.0.0
61 silly currentTree ├── has@1.0.1
61 silly currentTree ├── hash.js@1.0.3
61 silly currentTree ├── hasha@2.2.0
61 silly currentTree ├── hawk@3.1.3
61 silly currentTree ├── he@1.1.0
61 silly currentTree ├── header-case@1.0.0
61 silly currentTree ├── hoek@2.16.3
61 silly currentTree ├── home-or-tmp@2.0.0
61 silly currentTree ├── hosted-git-info@2.1.5
61 silly currentTree ├── html-comment-regex@1.1.1
61 silly currentTree ├── html-minifier@3.1.1
61 silly currentTree ├─┬ html-webpack-plugin@2.24.1
61 silly currentTree │ └── bluebird@3.4.6
61 silly currentTree ├─┬ htmlparser2@3.3.0
61 silly currentTree │ └── domutils@1.1.6
61 silly currentTree ├── http-browserify@1.7.0
61 silly currentTree ├─┬ http-errors@1.5.0
61 silly currentTree │ └── inherits@2.0.1
61 silly currentTree ├─┬ http-proxy-middleware@0.17.2
61 silly currentTree │ ├── is-extglob@2.1.0
61 silly currentTree │ └── is-glob@3.1.0
61 silly currentTree ├── http-proxy@1.15.2
61 silly currentTree ├── http-signature@1.1.1
61 silly currentTree ├── https-browserify@0.0.1
61 silly currentTree ├── iconv-lite@0.4.13
61 silly currentTree ├── icss-replace-symbols@1.0.2
61 silly currentTree ├── ieee754@1.1.8
61 silly currentTree ├── indent-string@2.1.0
61 silly currentTree ├── indexes-of@1.0.1
61 silly currentTree ├── indexof@0.0.1
61 silly currentTree ├── inflight@1.0.6
61 silly currentTree ├── inherits@2.0.3
61 silly currentTree ├── interpret@0.6.6
61 silly currentTree ├── invariant@2.2.1
61 silly currentTree ├── ipaddr.js@1.1.1
61 silly currentTree ├── is-absolute-url@2.0.0
61 silly currentTree ├── is-arrayish@0.2.1
61 silly currentTree ├── is-binary-path@1.0.1
61 silly currentTree ├── is-buffer@1.1.4
61 silly currentTree ├── is-builtin-module@1.0.0
61 silly currentTree ├── is-dotfile@1.0.2
61 silly currentTree ├── is-equal-shallow@0.1.3
61 silly currentTree ├── is-extendable@0.1.1
61 silly currentTree ├── is-extglob@1.0.0
61 silly currentTree ├── is-finite@1.0.2
61 silly currentTree ├── is-glob@2.0.1
61 silly currentTree ├── is-lower-case@1.1.3
61 silly currentTree ├── is-my-json-valid@2.15.0
61 silly currentTree ├── is-number@2.1.0
61 silly currentTree ├── is-plain-obj@1.1.0
61 silly currentTree ├── is-posix-bracket@0.1.1
61 silly currentTree ├── is-primitive@2.0.0
61 silly currentTree ├── is-property@1.0.2
61 silly currentTree ├── is-stream@1.1.0
61 silly currentTree ├── is-svg@2.1.0
61 silly currentTree ├── is-typedarray@1.0.0
61 silly currentTree ├── is-upper-case@1.1.2
61 silly currentTree ├── is-utf8@0.2.1
61 silly currentTree ├── isarray@0.0.1
61 silly currentTree ├── isbinaryfile@3.0.1
61 silly currentTree ├── isexe@1.1.2
61 silly currentTree ├─┬ isobject@2.1.0
61 silly currentTree │ └── isarray@1.0.0
61 silly currentTree ├── isparta-loader@2.0.0
61 silly currentTree ├── isparta@4.0.0
61 silly currentTree ├── isstream@0.1.2
61 silly currentTree ├─┬ istanbul@0.4.5
61 silly currentTree │ ├── glob@5.0.15
61 silly currentTree │ └── wordwrap@1.0.0
61 silly currentTree ├── jasmine-core@2.5.2
61 silly currentTree ├── jodid25519@1.0.2
61 silly currentTree ├── js-base64@2.1.9
61 silly currentTree ├── js-tokens@2.0.0
61 silly currentTree ├── js-yaml@3.6.1
61 silly currentTree ├── jsbn@0.1.0
61 silly currentTree ├── jsesc@1.3.0
61 silly currentTree ├── json-schema@0.2.3
61 silly currentTree ├── json-stringify-safe@5.0.1
61 silly currentTree ├── json3@3.2.6
61 silly currentTree ├── json5@0.5.0
61 silly currentTree ├── jsonfile@2.4.0
61 silly currentTree ├── jsonpointer@4.0.0
61 silly currentTree ├── jsprim@1.3.1
61 silly currentTree ├─┬ karma-coverage@1.1.1
61 silly currentTree │ └── lodash@3.10.1
61 silly currentTree ├── karma-jasmine@1.0.2
61 silly currentTree ├── karma-phantomjs-launcher@1.0.2
61 silly currentTree ├── karma-sourcemap-loader@0.3.7
61 silly currentTree ├─┬ karma-spec-reporter@0.0.26
61 silly currentTree │ └── colors@0.6.2
61 silly currentTree ├─┬ karma-webpack@1.8.0
61 silly currentTree │ ├── async@0.9.2
61 silly currentTree │ ├── lodash@3.10.1
61 silly currentTree │ └── source-map@0.1.43
61 silly currentTree ├─┬ karma@1.3.0
61 silly currentTree │ ├── bluebird@3.4.6
61 silly currentTree │ ├── glob@7.1.1
61 silly currentTree │ └── lodash@3.10.1
61 silly currentTree ├── kew@0.7.0
61 silly currentTree ├── kind-of@3.0.4
61 silly currentTree ├── klaw@1.3.1
61 silly currentTree ├── lazy-cache@1.0.4
61 silly currentTree ├── levn@0.3.0
61 silly currentTree ├── load-json-file@1.1.0
61 silly currentTree ├── loader-utils@0.2.16
61 silly currentTree ├── lodash._createcompounder@3.0.0
61 silly currentTree ├── lodash._root@3.0.1
61 silly currentTree ├── lodash.camelcase@3.0.1
61 silly currentTree ├── lodash.deburr@3.2.0
61 silly currentTree ├── lodash.indexof@4.0.5
61 silly currentTree ├── lodash.words@3.2.0
61 silly currentTree ├── lodash@4.16.6
61 silly currentTree ├── log4js@0.6.38
61 silly currentTree ├── longest@1.0.1
61 silly currentTree ├── loose-envify@1.3.0
61 silly currentTree ├── loud-rejection@1.6.0
61 silly currentTree ├── lower-case-first@1.0.2
61 silly currentTree ├── lower-case@1.1.3
61 silly currentTree ├── lru-cache@2.2.4
61 silly currentTree ├── macaddress@0.2.8
61 silly currentTree ├── map-obj@1.0.1
61 silly currentTree ├── math-expression-evaluator@1.2.14
61 silly currentTree ├── media-typer@0.3.0
61 silly currentTree ├─┬ memory-fs@0.3.0
61 silly currentTree │ ├── isarray@1.0.0
61 silly currentTree │ └── readable-stream@2.1.5
61 silly currentTree ├─┬ meow@3.7.0
61 silly currentTree │ └── minimist@1.2.0
61 silly currentTree ├── merge-descriptors@1.0.1
61 silly currentTree ├── methods@1.1.2
61 silly currentTree ├── micromatch@2.3.11
61 silly currentTree ├── miller-rabin@4.0.0
61 silly currentTree ├── mime-db@1.24.0
61 silly currentTree ├── mime-types@2.1.12
61 silly currentTree ├── mime@1.3.4
61 silly currentTree ├── minimalistic-assert@1.0.0
61 silly currentTree ├── minimatch@3.0.3
61 silly currentTree ├── minimist@0.0.8
61 silly currentTree ├── mkdirp@0.5.1
61 silly currentTree ├── ms@0.7.2
61 silly currentTree ├── nan@2.4.0
61 silly currentTree ├── ncname@1.0.0
61 silly currentTree ├── negotiator@0.4.9
61 silly currentTree ├── no-case@2.3.0
61 silly currentTree ├── node-dir@0.1.16
61 silly currentTree ├─┬ node-libs-browser@1.0.0
61 silly currentTree │ ├── isarray@1.0.0
61 silly currentTree │ └── readable-stream@2.1.5
61 silly currentTree ├── node-uuid@1.4.7
61 silly currentTree ├─┬ nomnomnomnom@2.0.1
61 silly currentTree │ ├── ansi-styles@1.0.0
61 silly currentTree │ ├── chalk@0.4.0
61 silly currentTree │ └── strip-ansi@0.1.1
61 silly currentTree ├── nopt@3.0.6
61 silly currentTree ├── normalize-package-data@2.3.5
61 silly currentTree ├── normalize-path@2.0.1
61 silly currentTree ├── normalize-range@0.1.2
61 silly currentTree ├── normalize-url@1.8.0
61 silly currentTree ├── nth-check@1.0.1
61 silly currentTree ├── null-loader@0.1.1
61 silly currentTree ├── num2fraction@1.2.2
61 silly currentTree ├── number-is-nan@1.0.1
61 silly currentTree ├── oauth-sign@0.8.2
61 silly currentTree ├── object-assign@4.1.0
61 silly currentTree ├── object-component@0.0.3
61 silly currentTree ├── object.omit@2.0.1
61 silly currentTree ├── on-finished@2.3.0
61 silly currentTree ├── on-headers@1.0.1
61 silly currentTree ├── once@1.4.0
61 silly currentTree ├── open@0.0.5
61 silly currentTree ├── optimist@0.6.1
61 silly currentTree ├─┬ optionator@0.8.2
61 silly currentTree │ └── wordwrap@1.0.0
61 silly currentTree ├── options@0.0.6
61 silly currentTree ├─┬ original@1.0.0
61 silly currentTree │ └── url-parse@1.0.5
61 silly currentTree ├── os-browserify@0.2.1
61 silly currentTree ├── os-homedir@1.0.2
61 silly currentTree ├── os-tmpdir@1.0.2
61 silly currentTree ├── pako@0.2.9
61 silly currentTree ├── param-case@2.1.0
61 silly currentTree ├── parse-asn1@5.0.0
61 silly currentTree ├── parse-glob@3.0.4
61 silly currentTree ├── parse-json@2.2.0
61 silly currentTree ├── parsejson@0.0.1
61 silly currentTree ├── parseqs@0.0.2
61 silly currentTree ├── parseuri@0.0.4
61 silly currentTree ├── parseurl@1.3.1
61 silly currentTree ├── pascal-case@2.0.0
61 silly currentTree ├── path-browserify@0.0.0
61 silly currentTree ├── path-case@2.1.0
61 silly currentTree ├── path-exists@2.1.0
61 silly currentTree ├── path-is-absolute@1.0.1
61 silly currentTree ├── path-to-regexp@0.1.7
61 silly currentTree ├── path-type@1.1.0
61 silly currentTree ├── pbkdf2-compat@2.0.1
61 silly currentTree ├── pbkdf2@3.0.9
61 silly currentTree ├── pend@1.2.0
61 silly currentTree ├─┬ phantomjs-prebuilt@2.1.13
61 silly currentTree │ └── fs-extra@0.30.0
61 silly currentTree ├── pify@2.3.0
61 silly currentTree ├── pinkie-promise@2.0.1
61 silly currentTree ├── pinkie@2.0.4
61 silly currentTree ├── pkg-dir@1.0.0
61 silly currentTree ├── postcss-calc@5.3.1
61 silly currentTree ├── postcss-colormin@2.2.1
61 silly currentTree ├── postcss-convert-values@2.4.1
61 silly currentTree ├── postcss-discard-comments@2.0.4
61 silly currentTree ├── postcss-discard-duplicates@2.0.1
61 silly currentTree ├── postcss-discard-empty@2.1.0
61 silly currentTree ├── postcss-discard-overridden@0.1.1
61 silly currentTree ├── postcss-discard-unused@2.2.2
61 silly currentTree ├── postcss-filter-plugins@2.0.2
61 silly currentTree ├── postcss-loader@0.9.1
61 silly currentTree ├── postcss-merge-idents@2.1.7
61 silly currentTree ├── postcss-merge-longhand@2.0.1
61 silly currentTree ├── postcss-merge-rules@2.0.10
61 silly currentTree ├── postcss-message-helpers@2.0.0
61 silly currentTree ├── postcss-minify-font-values@1.0.5
61 silly currentTree ├── postcss-minify-gradients@1.0.5
61 silly currentTree ├── postcss-minify-params@1.0.5
61 silly currentTree ├── postcss-minify-selectors@2.0.6
61 silly currentTree ├── postcss-modules-extract-imports@1.0.1
61 silly currentTree ├─┬ postcss-modules-local-by-default@1.1.1
61 silly currentTree │ ├── css-selector-tokenizer@0.6.0
61 silly currentTree │ └── regexpu-core@1.0.0
61 silly currentTree ├─┬ postcss-modules-scope@1.0.2
61 silly currentTree │ ├── css-selector-tokenizer@0.6.0
61 silly currentTree │ └── regexpu-core@1.0.0
61 silly currentTree ├── postcss-modules-values@1.2.2
61 silly currentTree ├── postcss-normalize-charset@1.1.1
61 silly currentTree ├── postcss-normalize-url@3.0.7
61 silly currentTree ├── postcss-ordered-values@2.2.2
61 silly currentTree ├── postcss-reduce-idents@2.3.1
61 silly currentTree ├── postcss-reduce-initial@1.0.0
61 silly currentTree ├── postcss-reduce-transforms@1.0.4
61 silly currentTree ├── postcss-selector-parser@2.2.1
61 silly currentTree ├── postcss-svgo@2.1.5
61 silly currentTree ├── postcss-unique-selectors@2.0.2
61 silly currentTree ├── postcss-value-parser@3.3.0
61 silly currentTree ├── postcss-zindex@2.1.1
61 silly currentTree ├── postcss@5.2.5
61 silly currentTree ├── prelude-ls@1.1.2
61 silly currentTree ├── prepend-http@1.0.4
61 silly currentTree ├── preserve@0.2.0
61 silly currentTree ├── pretty-error@2.0.2
61 silly currentTree ├── private@0.1.6
61 silly currentTree ├── process-nextick-args@1.0.7
61 silly currentTree ├── process@0.11.9
61 silly currentTree ├── progress@1.1.8
61 silly currentTree ├── proxy-addr@1.1.2
61 silly currentTree ├── prr@0.0.0
61 silly currentTree ├── public-encrypt@4.0.0
61 silly currentTree ├── punycode@1.4.1
61 silly currentTree ├── q@1.4.1
61 silly currentTree ├── qjobs@1.1.5
61 silly currentTree ├── qs@6.2.0
61 silly currentTree ├── query-string@4.2.3
61 silly currentTree ├── querystring-es3@0.2.1
61 silly currentTree ├── querystring@0.2.0
61 silly currentTree ├── querystringify@0.0.4
61 silly currentTree ├── randomatic@1.1.5
61 silly currentTree ├── randombytes@2.0.3
61 silly currentTree ├── range-parser@1.2.0
61 silly currentTree ├── raw-body@2.1.7
61 silly currentTree ├── raw-loader@0.5.1
61 silly currentTree ├── read-pkg-up@1.0.1
61 silly currentTree ├── read-pkg@1.1.0
61 silly currentTree ├── readable-stream@1.0.34
61 silly currentTree ├─┬ readdirp@2.1.0
61 silly currentTree │ ├── isarray@1.0.0
61 silly currentTree │ └── readable-stream@2.1.5
61 silly currentTree ├── redent@1.0.0
61 silly currentTree ├── reduce-css-calc@1.3.0
61 silly currentTree ├─┬ reduce-function-call@1.0.1
61 silly currentTree │ └── balanced-match@0.1.0
61 silly currentTree ├── regenerate@1.3.1
61 silly currentTree ├── regenerator-runtime@0.9.6
61 silly currentTree ├── regex-cache@0.4.3
61 silly currentTree ├── regexpu-core@2.0.0
61 silly currentTree ├── regjsgen@0.2.0
61 silly currentTree ├─┬ regjsparser@0.1.5
61 silly currentTree │ └── jsesc@0.5.0
61 silly currentTree ├── relateurl@0.2.7
61 silly currentTree ├─┬ renderkid@2.0.0
61 silly currentTree │ └── utila@0.3.3
61 silly currentTree ├── repeat-element@1.1.2
61 silly currentTree ├── repeat-string@1.6.1
61 silly currentTree ├── repeating@2.0.1
61 silly currentTree ├── request-progress@2.0.1
61 silly currentTree ├── request@2.74.0
61 silly currentTree ├── requires-port@1.0.0
61 silly currentTree ├── resolve@1.1.7
61 silly currentTree ├── right-align@0.1.3
61 silly currentTree ├─┬ rimraf@2.5.4
61 silly currentTree │ └── glob@7.1.1
61 silly currentTree ├── ripemd160@1.0.1
61 silly currentTree ├── sax@1.2.1
61 silly currentTree ├── semver@4.3.6
61 silly currentTree ├─┬ send@0.14.1
61 silly currentTree │ ├── debug@2.2.0
61 silly currentTree │ └── ms@0.7.1
61 silly currentTree ├── sentence-case@2.1.0
61 silly currentTree ├─┬ serve-index@1.8.0
61 silly currentTree │ ├── accepts@1.3.3
61 silly currentTree │ ├── debug@2.2.0
61 silly currentTree │ ├── ms@0.7.1
61 silly currentTree │ └── negotiator@0.6.1
61 silly currentTree ├── serve-static@1.11.1
61 silly currentTree ├── set-immediate-shim@1.0.1
61 silly currentTree ├── setprototypeof@1.0.1
61 silly currentTree ├── sha.js@2.4.5
61 silly currentTree ├── signal-exit@3.0.1
61 silly currentTree ├── slash@1.0.0
61 silly currentTree ├── snake-case@2.1.0
61 silly currentTree ├── sntp@1.0.9
61 silly currentTree ├─┬ socket.io-adapter@0.4.0
61 silly currentTree │ ├── debug@2.2.0
61 silly currentTree │ ├── ms@0.7.1
61 silly currentTree │ └─┬ socket.io-parser@2.2.2
61 silly currentTree │   └── debug@0.7.4
61 silly currentTree ├─┬ socket.io-client@1.4.6
61 silly currentTree │ ├── component-emitter@1.2.0
61 silly currentTree │ ├── debug@2.2.0
61 silly currentTree │ └── ms@0.7.1
61 silly currentTree ├─┬ socket.io-parser@2.2.6
61 silly currentTree │ ├── debug@2.2.0
61 silly currentTree │ ├── json3@3.3.2
61 silly currentTree │ └── ms@0.7.1
61 silly currentTree ├─┬ socket.io@1.4.7
61 silly currentTree │ ├── debug@2.2.0
61 silly currentTree │ └── ms@0.7.1
61 silly currentTree ├─┬ sockjs-client@1.1.1
61 silly currentTree │ ├── faye-websocket@0.11.0
61 silly currentTree │ └── json3@3.3.2
61 silly currentTree ├── sockjs@0.3.18
61 silly currentTree ├── sort-keys@1.1.2
61 silly currentTree ├── source-list-map@0.1.6
61 silly currentTree ├── source-map-support@0.4.6
61 silly currentTree ├── source-map@0.5.6
61 silly currentTree ├── spdx-correct@1.0.2
61 silly currentTree ├── spdx-expression-parse@1.0.4
61 silly currentTree ├── spdx-license-ids@1.2.2
61 silly currentTree ├── sprintf-js@1.0.3
61 silly currentTree ├─┬ sshpk@1.10.1
61 silly currentTree │ └── assert-plus@1.0.0
61 silly currentTree ├── statuses@1.3.0
61 silly currentTree ├─┬ stream-browserify@2.0.1
61 silly currentTree │ ├── isarray@1.0.0
61 silly currentTree │ └── readable-stream@2.1.5
61 silly currentTree ├── stream-cache@0.0.2
61 silly currentTree ├── strict-uri-encode@1.1.0
61 silly currentTree ├── string_decoder@0.10.31
61 silly currentTree ├── stringstream@0.0.5
61 silly currentTree ├── strip-ansi@3.0.1
61 silly currentTree ├── strip-bom@2.0.0
61 silly currentTree ├── strip-indent@1.0.1
61 silly currentTree ├── style-loader@0.13.1
61 silly currentTree ├── supports-color@3.1.2
61 silly currentTree ├── svgo@0.7.1
61 silly currentTree ├── swap-case@1.1.2
61 silly currentTree ├── tapable@0.1.10
61 silly currentTree ├── throttleit@1.0.0
61 silly currentTree ├── timers-browserify@1.4.2
61 silly currentTree ├── title-case@2.1.0
61 silly currentTree ├── tmp@0.0.28
61 silly currentTree ├── to-array@0.1.4
61 silly currentTree ├── to-fast-properties@1.0.2
61 silly currentTree ├── toposort@1.0.0
61 silly currentTree ├── tough-cookie@2.3.2
61 silly currentTree ├── trim-newlines@1.0.0
61 silly currentTree ├── tty-browserify@0.0.0
61 silly currentTree ├── tunnel-agent@0.4.3
61 silly currentTree ├── tweetnacl@0.14.3
61 silly currentTree ├── type-check@0.3.2
61 silly currentTree ├── type-is@1.6.13
61 silly currentTree ├── typedarray@0.0.6
61 silly currentTree ├─┬ uglify-js@2.7.4
61 silly currentTree │ └── async@0.2.10
61 silly currentTree ├── uglify-to-browserify@1.0.2
61 silly currentTree ├── ultron@1.0.2
61 silly currentTree ├── underscore@1.6.0
61 silly currentTree ├── uniq@1.0.1
61 silly currentTree ├── uniqid@4.1.0
61 silly currentTree ├── uniqs@2.0.0
61 silly currentTree ├── unpipe@1.0.0
61 silly currentTree ├── upper-case-first@1.1.2
61 silly currentTree ├── upper-case@1.1.3
61 silly currentTree ├── url-parse@1.1.7
61 silly currentTree ├─┬ url@0.11.0
61 silly currentTree │ └── punycode@1.3.2
61 silly currentTree ├── useragent@2.1.9
61 silly currentTree ├── utf8@2.1.0
61 silly currentTree ├── util-deprecate@1.0.2
61 silly currentTree ├─┬ util@0.10.3
61 silly currentTree │ └── inherits@2.0.1
61 silly currentTree ├── utila@0.4.0
61 silly currentTree ├── utils-merge@1.0.0
61 silly currentTree ├── uuid@2.0.3
61 silly currentTree ├── validate-npm-package-license@3.0.1
61 silly currentTree ├── vary@1.1.0
61 silly currentTree ├── vendors@1.0.1
61 silly currentTree ├── verror@1.3.6
61 silly currentTree ├── vm-browserify@0.0.4
61 silly currentTree ├── void-elements@2.0.1
61 silly currentTree ├─┬ watchpack@0.2.9
61 silly currentTree │ └── async@0.9.2
61 silly currentTree ├─┬ webpack-core@0.6.8
61 silly currentTree │ └── source-map@0.4.4
61 silly currentTree ├── webpack-dev-middleware@1.8.4
61 silly currentTree ├── webpack-dev-server@1.16.2
61 silly currentTree ├── webpack-sources@0.1.2
61 silly currentTree ├─┬ webpack@1.13.3
61 silly currentTree │ ├── constants-browserify@0.0.1
61 silly currentTree │ ├── crypto-browserify@3.2.8
61 silly currentTree │ ├── https-browserify@0.0.0
61 silly currentTree │ ├── node-libs-browser@0.6.0
61 silly currentTree │ ├── os-browserify@0.1.2
61 silly currentTree │ ├── readable-stream@1.1.14
61 silly currentTree │ ├── ripemd160@0.2.0
61 silly currentTree │ ├── sha.js@2.2.6
61 silly currentTree │ ├── stream-browserify@1.0.0
61 silly currentTree │ └─┬ url@0.10.3
61 silly currentTree │   └── punycode@1.3.2
61 silly currentTree ├── websocket-driver@0.6.5
61 silly currentTree ├── websocket-extensions@0.1.1
61 silly currentTree ├── whet.extend@0.9.9
61 silly currentTree ├── which@1.2.11
61 silly currentTree ├── window-size@0.1.0
61 silly currentTree ├── wordwrap@0.0.2
61 silly currentTree ├── wrappy@1.0.2
61 silly currentTree ├── ws@1.0.1
61 silly currentTree ├── xml-char-classes@1.0.0
61 silly currentTree ├── xmlhttprequest-ssl@1.5.1
61 silly currentTree ├── xtend@4.0.1
61 silly currentTree ├── yargs@3.10.0
61 silly currentTree ├── yauzl@2.4.1
61 silly currentTree └── yeast@0.1.2
62 silly idealTree frenzone@1.0.0
62 silly idealTree ├── abbrev@1.0.9
62 silly idealTree ├─┬ accepts@1.1.4
62 silly idealTree │ ├── mime-db@1.12.0
62 silly idealTree │ └── mime-types@2.0.14
62 silly idealTree ├── acorn@3.3.0
62 silly idealTree ├── after@0.8.1
62 silly idealTree ├── align-text@0.1.4
62 silly idealTree ├── alphanum-sort@1.0.2
62 silly idealTree ├── amdefine@1.0.1
62 silly idealTree ├── angular-mocks@1.5.8
62 silly idealTree ├── angular-ui-router@0.3.2
62 silly idealTree ├── angular@1.5.8
62 silly idealTree ├── ansi-regex@2.0.0
62 silly idealTree ├── ansi-styles@2.2.1
62 silly idealTree ├── anymatch@1.3.0
62 silly idealTree ├── argparse@1.0.9
62 silly idealTree ├── arr-diff@2.0.0
62 silly idealTree ├── arr-flatten@1.0.1
62 silly idealTree ├── array-find-index@1.0.2
62 silly idealTree ├── array-flatten@1.1.1
62 silly idealTree ├── array-slice@0.2.3
62 silly idealTree ├── array-unique@0.2.1
62 silly idealTree ├── arraybuffer.slice@0.0.6
62 silly idealTree ├── arrify@1.0.1
62 silly idealTree ├── asn1.js@4.9.0
62 silly idealTree ├── asn1@0.2.3
62 silly idealTree ├── assert-plus@0.2.0
62 silly idealTree ├── assert@1.4.1
62 silly idealTree ├── async-each@1.0.1
62 silly idealTree ├── async@1.5.2
62 silly idealTree ├── autoprefixer@6.5.2
62 silly idealTree ├── aws-sign2@0.6.0
62 silly idealTree ├── aws4@1.5.0
62 silly idealTree ├── babel-code-frame@6.16.0
62 silly idealTree ├── babel-core@6.18.2
62 silly idealTree ├── babel-generator@6.18.0
62 silly idealTree ├── babel-helper-call-delegate@6.18.0
62 silly idealTree ├── babel-helper-define-map@6.18.0
62 silly idealTree ├── babel-helper-function-name@6.18.0
62 silly idealTree ├── babel-helper-get-function-arity@6.18.0
62 silly idealTree ├── babel-helper-hoist-variables@6.18.0
62 silly idealTree ├── babel-helper-optimise-call-expression@6.18.0
62 silly idealTree ├── babel-helper-regex@6.18.0
62 silly idealTree ├── babel-helper-replace-supers@6.18.0
62 silly idealTree ├── babel-helpers@6.16.0
62 silly idealTree ├── babel-loader@6.2.7
62 silly idealTree ├── babel-messages@6.8.0
62 silly idealTree ├── babel-plugin-check-es2015-constants@6.8.0
62 silly idealTree ├── babel-plugin-transform-es2015-arrow-functions@6.8.0
62 silly idealTree ├── babel-plugin-transform-es2015-block-scoped-functions@6.8.0
62 silly idealTree ├── babel-plugin-transform-es2015-block-scoping@6.18.0
62 silly idealTree ├── babel-plugin-transform-es2015-classes@6.18.0
62 silly idealTree ├── babel-plugin-transform-es2015-computed-properties@6.8.0
62 silly idealTree ├── babel-plugin-transform-es2015-destructuring@6.18.0
62 silly idealTree ├── babel-plugin-transform-es2015-duplicate-keys@6.8.0
62 silly idealTree ├── babel-plugin-transform-es2015-for-of@6.18.0
62 silly idealTree ├── babel-plugin-transform-es2015-function-name@6.9.0
62 silly idealTree ├── babel-plugin-transform-es2015-literals@6.8.0
62 silly idealTree ├── babel-plugin-transform-es2015-modules-amd@6.18.0
62 silly idealTree ├── babel-plugin-transform-es2015-modules-commonjs@6.18.0
62 silly idealTree ├── babel-plugin-transform-es2015-modules-systemjs@6.18.0
62 silly idealTree ├── babel-plugin-transform-es2015-modules-umd@6.18.0
62 silly idealTree ├── babel-plugin-transform-es2015-object-super@6.8.0
62 silly idealTree ├── babel-plugin-transform-es2015-parameters@6.18.0
62 silly idealTree ├── babel-plugin-transform-es2015-shorthand-properties@6.18.0
62 silly idealTree ├── babel-plugin-transform-es2015-spread@6.8.0
62 silly idealTree ├── babel-plugin-transform-es2015-sticky-regex@6.8.0
62 silly idealTree ├── babel-plugin-transform-es2015-template-literals@6.8.0
62 silly idealTree ├── babel-plugin-transform-es2015-typeof-symbol@6.18.0
62 silly idealTree ├── babel-plugin-transform-es2015-unicode-regex@6.11.0
62 silly idealTree ├── babel-plugin-transform-regenerator@6.16.1
62 silly idealTree ├── babel-plugin-transform-strict-mode@6.18.0
62 silly idealTree ├── babel-preset-es2015@6.18.0
62 silly idealTree ├── babel-register@6.18.0
62 silly idealTree ├── babel-runtime@6.18.0
62 silly idealTree ├── babel-template@6.16.0
62 silly idealTree ├── babel-traverse@6.18.0
62 silly idealTree ├── babel-types@6.18.0
62 silly idealTree ├── babylon@6.13.1
62 silly idealTree ├── backo2@1.0.2
62 silly idealTree ├── balanced-match@0.4.2
62 silly idealTree ├── base64-arraybuffer@0.1.2
62 silly idealTree ├── base64-js@1.2.0
62 silly idealTree ├── Base64@0.2.1
62 silly idealTree ├── base64id@0.1.0
62 silly idealTree ├── batch@0.5.3
62 silly idealTree ├── bcrypt-pbkdf@1.0.0
62 silly idealTree ├── benchmark@1.0.0
62 silly idealTree ├── better-assert@1.0.2
62 silly idealTree ├── big.js@3.1.3
62 silly idealTree ├── binary-extensions@1.7.0
62 silly idealTree ├─┬ bl@1.1.2
62 silly idealTree │ ├── isarray@1.0.0
62 silly idealTree │ └── readable-stream@2.0.6
62 silly idealTree ├── blob@0.0.4
62 silly idealTree ├── bluebird@2.11.0
62 silly idealTree ├── bn.js@4.11.6
62 silly idealTree ├─┬ body-parser@1.15.2
62 silly idealTree │ ├── debug@2.2.0
62 silly idealTree │ └── ms@0.7.1
62 silly idealTree ├── boolbase@1.0.0
62 silly idealTree ├── boom@2.10.1
62 silly idealTree ├── brace-expansion@1.1.6
62 silly idealTree ├── braces@1.8.5
62 silly idealTree ├── brorand@1.0.6
62 silly idealTree ├── browserify-aes@1.0.6
62 silly idealTree ├── browserify-cipher@1.0.0
62 silly idealTree ├── browserify-des@1.0.0
62 silly idealTree ├── browserify-rsa@4.0.1
62 silly idealTree ├── browserify-sign@4.0.0
62 silly idealTree ├── browserify-zlib@0.1.4
62 silly idealTree ├── browserslist@1.4.0
62 silly idealTree ├── buffer-shims@1.0.0
62 silly idealTree ├── buffer-xor@1.0.3
62 silly idealTree ├─┬ buffer@4.9.1
62 silly idealTree │ └── isarray@1.0.0
62 silly idealTree ├── builtin-modules@1.1.1
62 silly idealTree ├── bytes@2.4.0
62 silly idealTree ├── callsite@1.0.0
62 silly idealTree ├── camel-case@3.0.0
62 silly idealTree ├─┬ camelcase-keys@2.1.0
62 silly idealTree │ └── camelcase@2.1.1
62 silly idealTree ├── camelcase@1.2.1
62 silly idealTree ├── caniuse-db@1.0.30000578
62 silly idealTree ├── caseless@0.11.0
62 silly idealTree ├── center-align@0.1.3
62 silly idealTree ├─┬ chalk@1.1.3
62 silly idealTree │ └── supports-color@2.0.0
62 silly idealTree ├── change-case@3.0.0
62 silly idealTree ├── chokidar@1.6.1
62 silly idealTree ├── cipher-base@1.0.3
62 silly idealTree ├── clap@1.1.1
62 silly idealTree ├─┬ clean-css@3.4.20
62 silly idealTree │ ├── commander@2.8.1
62 silly idealTree │ └── source-map@0.4.4
62 silly idealTree ├── cliui@2.1.0
62 silly idealTree ├── clone@1.0.2
62 silly idealTree ├── coa@1.0.1
62 silly idealTree ├── color-convert@1.6.0
62 silly idealTree ├── color-name@1.1.1
62 silly idealTree ├── color-string@0.3.0
62 silly idealTree ├── color@0.11.4
62 silly idealTree ├── colormin@1.1.2
62 silly idealTree ├── colors@1.1.2
62 silly idealTree ├── combine-lists@1.0.1
62 silly idealTree ├── combined-stream@1.0.5
62 silly idealTree ├── commander@2.9.0
62 silly idealTree ├── commondir@1.0.1
62 silly idealTree ├── component-bind@1.0.0
62 silly idealTree ├── component-emitter@1.1.2
62 silly idealTree ├── component-inherit@0.0.3
62 silly idealTree ├── compressible@2.0.9
62 silly idealTree ├─┬ compression@1.6.2
62 silly idealTree │ ├── accepts@1.3.3
62 silly idealTree │ ├── bytes@2.3.0
62 silly idealTree │ ├── debug@2.2.0
62 silly idealTree │ ├── ms@0.7.1
62 silly idealTree │ └── negotiator@0.6.1
62 silly idealTree ├── concat-map@0.0.1
62 silly idealTree ├─┬ concat-stream@1.5.0
62 silly idealTree │ ├── isarray@1.0.0
62 silly idealTree │ └── readable-stream@2.0.6
62 silly idealTree ├── connect-history-api-fallback@1.3.0
62 silly idealTree ├─┬ connect@3.5.0
62 silly idealTree │ ├── debug@2.2.0
62 silly idealTree │ └── ms@0.7.1
62 silly idealTree ├── console-browserify@1.1.0
62 silly idealTree ├── constant-case@2.0.0
62 silly idealTree ├── constants-browserify@1.0.0
62 silly idealTree ├── content-disposition@0.5.1
62 silly idealTree ├── content-type@1.0.2
62 silly idealTree ├── convert-source-map@1.3.0
62 silly idealTree ├── cookie-signature@1.0.6
62 silly idealTree ├── cookie@0.3.1
62 silly idealTree ├── copy-webpack-plugin@3.0.1
62 silly idealTree ├── core-js@2.4.1
62 silly idealTree ├── core-util-is@1.0.2
62 silly idealTree ├── create-ecdh@4.0.0
62 silly idealTree ├── create-hash@1.1.2
62 silly idealTree ├── create-hmac@1.1.4
62 silly idealTree ├── cryptiles@2.0.5
62 silly idealTree ├── crypto-browserify@3.11.0
62 silly idealTree ├── css-color-names@0.0.4
62 silly idealTree ├── css-loader@0.23.1
62 silly idealTree ├── css-select@1.2.0
62 silly idealTree ├── css-selector-tokenizer@0.5.4
62 silly idealTree ├── css-what@2.1.0
62 silly idealTree ├── cssesc@0.1.0
62 silly idealTree ├── cssnano@3.8.0
62 silly idealTree ├── csso@2.2.1
62 silly idealTree ├── currently-unhandled@0.4.1
62 silly idealTree ├── custom-event@1.0.1
62 silly idealTree ├─┬ dashdash@1.14.0
62 silly idealTree │ └── assert-plus@1.0.0
62 silly idealTree ├── date-now@0.1.4
62 silly idealTree ├── dateformat@1.0.12
62 silly idealTree ├── debug@2.3.0
62 silly idealTree ├── decamelize@1.2.0
62 silly idealTree ├── deep-is@0.1.3
62 silly idealTree ├── defined@1.0.0
62 silly idealTree ├── delayed-stream@1.0.0
62 silly idealTree ├── depd@1.1.0
62 silly idealTree ├── des.js@1.0.0
62 silly idealTree ├── destroy@1.0.4
62 silly idealTree ├── detect-indent@4.0.0
62 silly idealTree ├── di@0.0.1
62 silly idealTree ├── diffie-hellman@5.0.2
62 silly idealTree ├─┬ dom-converter@0.1.4
62 silly idealTree │ └── utila@0.3.3
62 silly idealTree ├── dom-serialize@2.2.1
62 silly idealTree ├─┬ dom-serializer@0.1.0
62 silly idealTree │ └── domelementtype@1.1.3
62 silly idealTree ├── domain-browser@1.1.7
62 silly idealTree ├── domelementtype@1.3.0
62 silly idealTree ├── domhandler@2.1.0
62 silly idealTree ├── domutils@1.5.1
62 silly idealTree ├── dot-case@2.1.0
62 silly idealTree ├── ecc-jsbn@0.1.1
62 silly idealTree ├── ee-first@1.1.1
62 silly idealTree ├── elliptic@6.3.2
62 silly idealTree ├── emojis-list@2.1.0
62 silly idealTree ├── encodeurl@1.0.1
62 silly idealTree ├─┬ engine.io-client@1.6.9
62 silly idealTree │ ├── debug@2.2.0
62 silly idealTree │ └── ms@0.7.1
62 silly idealTree ├─┬ engine.io-parser@1.2.4
62 silly idealTree │ └── has-binary@0.1.6
62 silly idealTree ├─┬ engine.io@1.6.10
62 silly idealTree │ ├── debug@2.2.0
62 silly idealTree │ └── ms@0.7.1
62 silly idealTree ├─┬ enhanced-resolve@0.9.1
62 silly idealTree │ └── memory-fs@0.2.0
62 silly idealTree ├── ent@2.2.0
62 silly idealTree ├── entities@1.1.1
62 silly idealTree ├── errno@0.1.4
62 silly idealTree ├── error-ex@1.3.0
62 silly idealTree ├── es6-promise@4.0.5
62 silly idealTree ├── escape-html@1.0.3
62 silly idealTree ├── escape-string-regexp@1.0.5
62 silly idealTree ├─┬ escodegen@1.8.1
62 silly idealTree │ └── source-map@0.2.0
62 silly idealTree ├── esprima@2.7.3
62 silly idealTree ├── estraverse@1.9.3
62 silly idealTree ├── esutils@2.0.2
62 silly idealTree ├── etag@1.7.0
62 silly idealTree ├── eventemitter3@1.2.0
62 silly idealTree ├── events@1.1.1
62 silly idealTree ├── eventsource@0.1.6
62 silly idealTree ├── evp_bytestokey@1.0.0
62 silly idealTree ├─┬ expand-braces@0.1.2
62 silly idealTree │ ├── braces@0.1.5
62 silly idealTree │ ├── expand-range@0.1.1
62 silly idealTree │ ├── is-number@0.1.1
62 silly idealTree │ └── repeat-string@0.2.2
62 silly idealTree ├── expand-brackets@0.1.5
62 silly idealTree ├── expand-range@1.8.2
62 silly idealTree ├─┬ express@4.14.0
62 silly idealTree │ ├── accepts@1.3.3
62 silly idealTree │ ├── debug@2.2.0
62 silly idealTree │ ├── ms@0.7.1
62 silly idealTree │ └── negotiator@0.6.1
62 silly idealTree ├── extend@3.0.0
62 silly idealTree ├── extglob@0.3.2
62 silly idealTree ├── extract-text-webpack-plugin@1.0.1
62 silly idealTree ├─┬ extract-zip@1.5.0
62 silly idealTree │ ├── debug@0.7.4
62 silly idealTree │ └── mkdirp@0.5.0
62 silly idealTree ├── extsprintf@1.0.2
62 silly idealTree ├── fast-levenshtein@2.0.5
62 silly idealTree ├── fastparse@1.1.1
62 silly idealTree ├── faye-websocket@0.10.0
62 silly idealTree ├── fd-slicer@1.0.1
62 silly idealTree ├── file-loader@0.9.0
62 silly idealTree ├── filename-regex@2.0.0
62 silly idealTree ├── fill-range@2.2.3
62 silly idealTree ├─┬ finalhandler@0.5.0
62 silly idealTree │ ├── debug@2.2.0
62 silly idealTree │ └── ms@0.7.1
62 silly idealTree ├── find-cache-dir@0.1.1
62 silly idealTree ├── find-up@1.1.2
62 silly idealTree ├── flatten@1.0.2
62 silly idealTree ├── for-in@0.1.6
62 silly idealTree ├── for-own@0.1.4
62 silly idealTree ├── forever-agent@0.6.1
62 silly idealTree ├─┬ form-data@1.0.1
62 silly idealTree │ └── async@2.1.2
62 silly idealTree ├── forwarded@0.1.0
62 silly idealTree ├── fresh@0.3.0
62 silly idealTree ├── fs-extra@0.26.7
62 silly idealTree ├── fs.realpath@1.0.0
62 silly idealTree ├─┬ fsevents@1.0.15
62 silly idealTree │ ├── abbrev@1.0.9
62 silly idealTree │ ├── ansi-regex@2.0.0
62 silly idealTree │ ├── ansi-styles@2.2.1
62 silly idealTree │ ├── aproba@1.0.4
62 silly idealTree │ ├── are-we-there-yet@1.1.2
62 silly idealTree │ ├── asn1@0.2.3
62 silly idealTree │ ├── assert-plus@0.2.0
62 silly idealTree │ ├── async@1.5.2
62 silly idealTree │ ├── aws-sign2@0.6.0
62 silly idealTree │ ├── aws4@1.4.1
62 silly idealTree │ ├── balanced-match@0.4.2
62 silly idealTree │ ├─┬ bl@1.1.2
62 silly idealTree │ │ └── readable-stream@2.0.6
62 silly idealTree │ ├── block-stream@0.0.9
62 silly idealTree │ ├── boom@2.10.1
62 silly idealTree │ ├── brace-expansion@1.1.5
62 silly idealTree │ ├── buffer-shims@1.0.0
62 silly idealTree │ ├── caseless@0.11.0
62 silly idealTree │ ├── chalk@1.1.3
62 silly idealTree │ ├── code-point-at@1.0.0
62 silly idealTree │ ├── combined-stream@1.0.5
62 silly idealTree │ ├── commander@2.9.0
62 silly idealTree │ ├── concat-map@0.0.1
62 silly idealTree │ ├── console-control-strings@1.1.0
62 silly idealTree │ ├── core-util-is@1.0.2
62 silly idealTree │ ├── cryptiles@2.0.5
62 silly idealTree │ ├─┬ dashdash@1.14.0
62 silly idealTree │ │ └── assert-plus@1.0.0
62 silly idealTree │ ├── debug@2.2.0
62 silly idealTree │ ├── deep-extend@0.4.1
62 silly idealTree │ ├── delayed-stream@1.0.0
62 silly idealTree │ ├── delegates@1.0.0
62 silly idealTree │ ├── ecc-jsbn@0.1.1
62 silly idealTree │ ├── escape-string-regexp@1.0.5
62 silly idealTree │ ├── extend@3.0.0
62 silly idealTree │ ├── extsprintf@1.0.2
62 silly idealTree │ ├── forever-agent@0.6.1
62 silly idealTree │ ├── form-data@1.0.0-rc4
62 silly idealTree │ ├── fs.realpath@1.0.0
62 silly idealTree │ ├── fstream-ignore@1.0.5
62 silly idealTree │ ├── fstream@1.0.10
62 silly idealTree │ ├── gauge@2.6.0
62 silly idealTree │ ├── generate-function@2.0.0
62 silly idealTree │ ├── generate-object-property@1.2.0
62 silly idealTree │ ├─┬ getpass@0.1.6
62 silly idealTree │ │ └── assert-plus@1.0.0
62 silly idealTree │ ├── glob@7.0.5
62 silly idealTree │ ├── graceful-fs@4.1.4
62 silly idealTree │ ├── graceful-readlink@1.0.1
62 silly idealTree │ ├── har-validator@2.0.6
62 silly idealTree │ ├── has-ansi@2.0.0
62 silly idealTree │ ├── has-color@0.1.7
62 silly idealTree │ ├── has-unicode@2.0.1
62 silly idealTree │ ├── hawk@3.1.3
62 silly idealTree │ ├── hoek@2.16.3
62 silly idealTree │ ├── http-signature@1.1.1
62 silly idealTree │ ├── inflight@1.0.5
62 silly idealTree │ ├── inherits@2.0.1
62 silly idealTree │ ├── ini@1.3.4
62 silly idealTree │ ├── is-fullwidth-code-point@1.0.0
62 silly idealTree │ ├── is-my-json-valid@2.13.1
62 silly idealTree │ ├── is-property@1.0.2
62 silly idealTree │ ├── is-typedarray@1.0.0
62 silly idealTree │ ├── isarray@1.0.0
62 silly idealTree │ ├── isstream@0.1.2
62 silly idealTree │ ├── jodid25519@1.0.2
62 silly idealTree │ ├── jsbn@0.1.0
62 silly idealTree │ ├── json-schema@0.2.2
62 silly idealTree │ ├── json-stringify-safe@5.0.1
62 silly idealTree │ ├── jsonpointer@2.0.0
62 silly idealTree │ ├── jsprim@1.3.0
62 silly idealTree │ ├── mime-db@1.23.0
62 silly idealTree │ ├── mime-types@2.1.11
62 silly idealTree │ ├── minimatch@3.0.2
62 silly idealTree │ ├── minimist@0.0.8
62 silly idealTree │ ├── mkdirp@0.5.1
62 silly idealTree │ ├── ms@0.7.1
62 silly idealTree │ ├── node-pre-gyp@0.6.29
62 silly idealTree │ ├── node-uuid@1.4.7
62 silly idealTree │ ├── nopt@3.0.6
62 silly idealTree │ ├── npmlog@3.1.2
62 silly idealTree │ ├── number-is-nan@1.0.0
62 silly idealTree │ ├── oauth-sign@0.8.2
62 silly idealTree │ ├── object-assign@4.1.0
62 silly idealTree │ ├── once@1.3.3
62 silly idealTree │ ├── path-is-absolute@1.0.0
62 silly idealTree │ ├── pinkie-promise@2.0.1
62 silly idealTree │ ├── pinkie@2.0.4
62 silly idealTree │ ├── process-nextick-args@1.0.7
62 silly idealTree │ ├── qs@6.2.0
62 silly idealTree │ ├─┬ rc@1.1.6
62 silly idealTree │ │ └── minimist@1.2.0
62 silly idealTree │ ├── readable-stream@2.1.4
62 silly idealTree │ ├── request@2.73.0
62 silly idealTree │ ├── rimraf@2.5.3
62 silly idealTree │ ├── semver@5.2.0
62 silly idealTree │ ├── set-blocking@2.0.0
62 silly idealTree │ ├── signal-exit@3.0.0
62 silly idealTree │ ├── sntp@1.0.9
62 silly idealTree │ ├─┬ sshpk@1.8.3
62 silly idealTree │ │ └── assert-plus@1.0.0
62 silly idealTree │ ├── string_decoder@0.10.31
62 silly idealTree │ ├── string-width@1.0.1
62 silly idealTree │ ├── stringstream@0.0.5
62 silly idealTree │ ├── strip-ansi@3.0.1
62 silly idealTree │ ├── strip-json-comments@1.0.4
62 silly idealTree │ ├── supports-color@2.0.0
62 silly idealTree │ ├── tar-pack@3.1.4
62 silly idealTree │ ├── tar@2.2.1
62 silly idealTree │ ├── tough-cookie@2.2.2
62 silly idealTree │ ├── tunnel-agent@0.4.3
62 silly idealTree │ ├── tweetnacl@0.13.3
62 silly idealTree │ ├── uid-number@0.0.6
62 silly idealTree │ ├── util-deprecate@1.0.2
62 silly idealTree │ ├── verror@1.3.6
62 silly idealTree │ ├── wide-align@1.1.0
62 silly idealTree │ ├── wrappy@1.0.2
62 silly idealTree │ └── xtend@4.0.1
62 silly idealTree ├── function-bind@1.1.0
62 silly idealTree ├── generate-function@2.0.0
62 silly idealTree ├── generate-object-property@1.2.0
62 silly idealTree ├── get-stdin@4.0.1
62 silly idealTree ├─┬ getpass@0.1.6
62 silly idealTree │ └── assert-plus@1.0.0
62 silly idealTree ├── glob-base@0.3.0
62 silly idealTree ├── glob-parent@2.0.0
62 silly idealTree ├── glob@6.0.4
62 silly idealTree ├── globals@9.12.0
62 silly idealTree ├── graceful-fs@4.1.10
62 silly idealTree ├── graceful-readlink@1.0.1
62 silly idealTree ├─┬ handlebars@4.0.5
62 silly idealTree │ └── source-map@0.4.4
62 silly idealTree ├── har-validator@2.0.6
62 silly idealTree ├── has-ansi@2.0.0
62 silly idealTree ├── has-binary@0.1.7
62 silly idealTree ├── has-color@0.1.7
62 silly idealTree ├── has-cors@1.1.0
62 silly idealTree ├── has-flag@1.0.0
62 silly idealTree ├── has@1.0.1
62 silly idealTree ├── hash.js@1.0.3
62 silly idealTree ├── hasha@2.2.0
62 silly idealTree ├── hawk@3.1.3
62 silly idealTree ├── he@1.1.0
62 silly idealTree ├── header-case@1.0.0
62 silly idealTree ├── hoek@2.16.3
62 silly idealTree ├── home-or-tmp@2.0.0
62 silly idealTree ├── hosted-git-info@2.1.5
62 silly idealTree ├── html-comment-regex@1.1.1
62 silly idealTree ├── html-minifier@3.1.1
62 silly idealTree ├─┬ html-webpack-plugin@2.24.1
62 silly idealTree │ └── bluebird@3.4.6
62 silly idealTree ├─┬ htmlparser2@3.3.0
62 silly idealTree │ └── domutils@1.1.6
62 silly idealTree ├── http-browserify@1.7.0
62 silly idealTree ├─┬ http-errors@1.5.0
62 silly idealTree │ └── inherits@2.0.1
62 silly idealTree ├─┬ http-proxy-middleware@0.17.2
62 silly idealTree │ ├── is-extglob@2.1.0
62 silly idealTree │ └── is-glob@3.1.0
62 silly idealTree ├── http-proxy@1.15.2
62 silly idealTree ├── http-signature@1.1.1
62 silly idealTree ├── https-browserify@0.0.1
62 silly idealTree ├── iconv-lite@0.4.13
62 silly idealTree ├── icss-replace-symbols@1.0.2
62 silly idealTree ├── ieee754@1.1.8
62 silly idealTree ├── indent-string@2.1.0
62 silly idealTree ├── indexes-of@1.0.1
62 silly idealTree ├── indexof@0.0.1
62 silly idealTree ├── inflight@1.0.6
62 silly idealTree ├── inherits@2.0.3
62 silly idealTree ├── interpret@0.6.6
62 silly idealTree ├── invariant@2.2.1
62 silly idealTree ├── ipaddr.js@1.1.1
62 silly idealTree ├── is-absolute-url@2.0.0
62 silly idealTree ├── is-arrayish@0.2.1
62 silly idealTree ├── is-binary-path@1.0.1
62 silly idealTree ├── is-buffer@1.1.4
62 silly idealTree ├── is-builtin-module@1.0.0
62 silly idealTree ├── is-dotfile@1.0.2
62 silly idealTree ├── is-equal-shallow@0.1.3
62 silly idealTree ├── is-extendable@0.1.1
62 silly idealTree ├── is-extglob@1.0.0
62 silly idealTree ├── is-finite@1.0.2
62 silly idealTree ├── is-glob@2.0.1
62 silly idealTree ├── is-lower-case@1.1.3
62 silly idealTree ├── is-my-json-valid@2.15.0
62 silly idealTree ├── is-number@2.1.0
62 silly idealTree ├── is-plain-obj@1.1.0
62 silly idealTree ├── is-posix-bracket@0.1.1
62 silly idealTree ├── is-primitive@2.0.0
62 silly idealTree ├── is-property@1.0.2
62 silly idealTree ├── is-stream@1.1.0
62 silly idealTree ├── is-svg@2.1.0
62 silly idealTree ├── is-typedarray@1.0.0
62 silly idealTree ├── is-upper-case@1.1.2
62 silly idealTree ├── is-utf8@0.2.1
62 silly idealTree ├── isarray@0.0.1
62 silly idealTree ├── isbinaryfile@3.0.1
62 silly idealTree ├── isexe@1.1.2
62 silly idealTree ├─┬ isobject@2.1.0
62 silly idealTree │ └── isarray@1.0.0
62 silly idealTree ├── isparta-loader@2.0.0
62 silly idealTree ├── isparta@4.0.0
62 silly idealTree ├── isstream@0.1.2
62 silly idealTree ├─┬ istanbul@0.4.5
62 silly idealTree │ ├── glob@5.0.15
62 silly idealTree │ └── wordwrap@1.0.0
62 silly idealTree ├── jasmine-core@2.5.2
62 silly idealTree ├── jodid25519@1.0.2
62 silly idealTree ├── js-base64@2.1.9
62 silly idealTree ├── js-tokens@2.0.0
62 silly idealTree ├── js-yaml@3.6.1
62 silly idealTree ├── jsbn@0.1.0
62 silly idealTree ├── jsesc@1.3.0
62 silly idealTree ├── json-schema@0.2.3
62 silly idealTree ├── json-stringify-safe@5.0.1
62 silly idealTree ├── json3@3.2.6
62 silly idealTree ├── json5@0.5.0
62 silly idealTree ├── jsonfile@2.4.0
62 silly idealTree ├── jsonpointer@4.0.0
62 silly idealTree ├── jsprim@1.3.1
62 silly idealTree ├─┬ karma-coverage@1.1.1
62 silly idealTree │ └── lodash@3.10.1
62 silly idealTree ├── karma-jasmine@1.0.2
62 silly idealTree ├── karma-phantomjs-launcher@1.0.2
62 silly idealTree ├── karma-sourcemap-loader@0.3.7
62 silly idealTree ├─┬ karma-spec-reporter@0.0.26
62 silly idealTree │ └── colors@0.6.2
62 silly idealTree ├─┬ karma-webpack@1.8.0
62 silly idealTree │ ├── async@0.9.2
62 silly idealTree │ ├── lodash@3.10.1
62 silly idealTree │ └── source-map@0.1.43
62 silly idealTree ├─┬ karma@1.3.0
62 silly idealTree │ ├── bluebird@3.4.6
62 silly idealTree │ ├── glob@7.1.1
62 silly idealTree │ └── lodash@3.10.1
62 silly idealTree ├── kew@0.7.0
62 silly idealTree ├── kind-of@3.0.4
62 silly idealTree ├── klaw@1.3.1
62 silly idealTree ├── lazy-cache@1.0.4
62 silly idealTree ├── levn@0.3.0
62 silly idealTree ├── load-json-file@1.1.0
62 silly idealTree ├── loader-utils@0.2.16
62 silly idealTree ├── lodash._createcompounder@3.0.0
62 silly idealTree ├── lodash._root@3.0.1
62 silly idealTree ├── lodash.camelcase@3.0.1
62 silly idealTree ├── lodash.deburr@3.2.0
62 silly idealTree ├── lodash.indexof@4.0.5
62 silly idealTree ├── lodash.words@3.2.0
62 silly idealTree ├── lodash@4.16.6
62 silly idealTree ├── log4js@0.6.38
62 silly idealTree ├── longest@1.0.1
62 silly idealTree ├── loose-envify@1.3.0
62 silly idealTree ├── loud-rejection@1.6.0
62 silly idealTree ├── lower-case-first@1.0.2
62 silly idealTree ├── lower-case@1.1.3
62 silly idealTree ├── lru-cache@2.2.4
62 silly idealTree ├── macaddress@0.2.8
62 silly idealTree ├── map-obj@1.0.1
62 silly idealTree ├── math-expression-evaluator@1.2.14
62 silly idealTree ├── media-typer@0.3.0
62 silly idealTree ├─┬ memory-fs@0.3.0
62 silly idealTree │ ├── isarray@1.0.0
62 silly idealTree │ └── readable-stream@2.1.5
62 silly idealTree ├─┬ meow@3.7.0
62 silly idealTree │ └── minimist@1.2.0
62 silly idealTree ├── merge-descriptors@1.0.1
62 silly idealTree ├── methods@1.1.2
62 silly idealTree ├── micromatch@2.3.11
62 silly idealTree ├── miller-rabin@4.0.0
62 silly idealTree ├── mime-db@1.24.0
62 silly idealTree ├── mime-types@2.1.12
62 silly idealTree ├── mime@1.3.4
62 silly idealTree ├── minimalistic-assert@1.0.0
62 silly idealTree ├── minimatch@3.0.3
62 silly idealTree ├── minimist@0.0.8
62 silly idealTree ├── mkdirp@0.5.1
62 silly idealTree ├── ms@0.7.2
62 silly idealTree ├── nan@2.4.0
62 silly idealTree ├── ncname@1.0.0
62 silly idealTree ├── negotiator@0.4.9
62 silly idealTree ├── ng-image-input-with-preview@0.0.5
62 silly idealTree ├── no-case@2.3.0
62 silly idealTree ├── node-dir@0.1.16
62 silly idealTree ├─┬ node-libs-browser@1.0.0
62 silly idealTree │ ├── isarray@1.0.0
62 silly idealTree │ └── readable-stream@2.1.5
62 silly idealTree ├── node-uuid@1.4.7
62 silly idealTree ├─┬ nomnomnomnom@2.0.1
62 silly idealTree │ ├── ansi-styles@1.0.0
62 silly idealTree │ ├── chalk@0.4.0
62 silly idealTree │ └── strip-ansi@0.1.1
62 silly idealTree ├── nopt@3.0.6
62 silly idealTree ├── normalize-package-data@2.3.5
62 silly idealTree ├── normalize-path@2.0.1
62 silly idealTree ├── normalize-range@0.1.2
62 silly idealTree ├── normalize-url@1.8.0
62 silly idealTree ├── nth-check@1.0.1
62 silly idealTree ├── null-loader@0.1.1
62 silly idealTree ├── num2fraction@1.2.2
62 silly idealTree ├── number-is-nan@1.0.1
62 silly idealTree ├── oauth-sign@0.8.2
62 silly idealTree ├── object-assign@4.1.0
62 silly idealTree ├── object-component@0.0.3
62 silly idealTree ├── object.omit@2.0.1
62 silly idealTree ├── on-finished@2.3.0
62 silly idealTree ├── on-headers@1.0.1
62 silly idealTree ├── once@1.4.0
62 silly idealTree ├── open@0.0.5
62 silly idealTree ├── optimist@0.6.1
62 silly idealTree ├─┬ optionator@0.8.2
62 silly idealTree │ └── wordwrap@1.0.0
62 silly idealTree ├── options@0.0.6
62 silly idealTree ├─┬ original@1.0.0
62 silly idealTree │ └── url-parse@1.0.5
62 silly idealTree ├── os-browserify@0.2.1
62 silly idealTree ├── os-homedir@1.0.2
62 silly idealTree ├── os-tmpdir@1.0.2
62 silly idealTree ├── pako@0.2.9
62 silly idealTree ├── param-case@2.1.0
62 silly idealTree ├── parse-asn1@5.0.0
62 silly idealTree ├── parse-glob@3.0.4
62 silly idealTree ├── parse-json@2.2.0
62 silly idealTree ├── parsejson@0.0.1
62 silly idealTree ├── parseqs@0.0.2
62 silly idealTree ├── parseuri@0.0.4
62 silly idealTree ├── parseurl@1.3.1
62 silly idealTree ├── pascal-case@2.0.0
62 silly idealTree ├── path-browserify@0.0.0
62 silly idealTree ├── path-case@2.1.0
62 silly idealTree ├── path-exists@2.1.0
62 silly idealTree ├── path-is-absolute@1.0.1
62 silly idealTree ├── path-to-regexp@0.1.7
62 silly idealTree ├── path-type@1.1.0
62 silly idealTree ├── pbkdf2-compat@2.0.1
62 silly idealTree ├── pbkdf2@3.0.9
62 silly idealTree ├── pend@1.2.0
62 silly idealTree ├─┬ phantomjs-prebuilt@2.1.13
62 silly idealTree │ └── fs-extra@0.30.0
62 silly idealTree ├── pify@2.3.0
62 silly idealTree ├── pinkie-promise@2.0.1
62 silly idealTree ├── pinkie@2.0.4
62 silly idealTree ├── pkg-dir@1.0.0
62 silly idealTree ├── postcss-calc@5.3.1
62 silly idealTree ├── postcss-colormin@2.2.1
62 silly idealTree ├── postcss-convert-values@2.4.1
62 silly idealTree ├── postcss-discard-comments@2.0.4
62 silly idealTree ├── postcss-discard-duplicates@2.0.1
62 silly idealTree ├── postcss-discard-empty@2.1.0
62 silly idealTree ├── postcss-discard-overridden@0.1.1
62 silly idealTree ├── postcss-discard-unused@2.2.2
62 silly idealTree ├── postcss-filter-plugins@2.0.2
62 silly idealTree ├── postcss-loader@0.9.1
62 silly idealTree ├── postcss-merge-idents@2.1.7
62 silly idealTree ├── postcss-merge-longhand@2.0.1
62 silly idealTree ├── postcss-merge-rules@2.0.10
62 silly idealTree ├── postcss-message-helpers@2.0.0
62 silly idealTree ├── postcss-minify-font-values@1.0.5
62 silly idealTree ├── postcss-minify-gradients@1.0.5
62 silly idealTree ├── postcss-minify-params@1.0.5
62 silly idealTree ├── postcss-minify-selectors@2.0.6
62 silly idealTree ├── postcss-modules-extract-imports@1.0.1
62 silly idealTree ├─┬ postcss-modules-local-by-default@1.1.1
62 silly idealTree │ ├── css-selector-tokenizer@0.6.0
62 silly idealTree │ └── regexpu-core@1.0.0
62 silly idealTree ├─┬ postcss-modules-scope@1.0.2
62 silly idealTree │ ├── css-selector-tokenizer@0.6.0
62 silly idealTree │ └── regexpu-core@1.0.0
62 silly idealTree ├── postcss-modules-values@1.2.2
62 silly idealTree ├── postcss-normalize-charset@1.1.1
62 silly idealTree ├── postcss-normalize-url@3.0.7
62 silly idealTree ├── postcss-ordered-values@2.2.2
62 silly idealTree ├── postcss-reduce-idents@2.3.1
62 silly idealTree ├── postcss-reduce-initial@1.0.0
62 silly idealTree ├── postcss-reduce-transforms@1.0.4
62 silly idealTree ├── postcss-selector-parser@2.2.1
62 silly idealTree ├── postcss-svgo@2.1.5
62 silly idealTree ├── postcss-unique-selectors@2.0.2
62 silly idealTree ├── postcss-value-parser@3.3.0
62 silly idealTree ├── postcss-zindex@2.1.1
62 silly idealTree ├── postcss@5.2.5
62 silly idealTree ├── prelude-ls@1.1.2
62 silly idealTree ├── prepend-http@1.0.4
62 silly idealTree ├── preserve@0.2.0
62 silly idealTree ├── pretty-error@2.0.2
62 silly idealTree ├── private@0.1.6
62 silly idealTree ├── process-nextick-args@1.0.7
62 silly idealTree ├── process@0.11.9
62 silly idealTree ├── progress@1.1.8
62 silly idealTree ├── proxy-addr@1.1.2
62 silly idealTree ├── prr@0.0.0
62 silly idealTree ├── public-encrypt@4.0.0
62 silly idealTree ├── punycode@1.4.1
62 silly idealTree ├── q@1.4.1
62 silly idealTree ├── qjobs@1.1.5
62 silly idealTree ├── qs@6.2.0
62 silly idealTree ├── query-string@4.2.3
62 silly idealTree ├── querystring-es3@0.2.1
62 silly idealTree ├── querystring@0.2.0
62 silly idealTree ├── querystringify@0.0.4
62 silly idealTree ├── randomatic@1.1.5
62 silly idealTree ├── randombytes@2.0.3
62 silly idealTree ├── range-parser@1.2.0
62 silly idealTree ├── raw-body@2.1.7
62 silly idealTree ├── raw-loader@0.5.1
62 silly idealTree ├── read-pkg-up@1.0.1
62 silly idealTree ├── read-pkg@1.1.0
62 silly idealTree ├── readable-stream@1.0.34
62 silly idealTree ├─┬ readdirp@2.1.0
62 silly idealTree │ ├── isarray@1.0.0
62 silly idealTree │ └── readable-stream@2.1.5
62 silly idealTree ├── redent@1.0.0
62 silly idealTree ├── reduce-css-calc@1.3.0
62 silly idealTree ├─┬ reduce-function-call@1.0.1
62 silly idealTree │ └── balanced-match@0.1.0
62 silly idealTree ├── regenerate@1.3.1
62 silly idealTree ├── regenerator-runtime@0.9.6
62 silly idealTree ├── regex-cache@0.4.3
62 silly idealTree ├── regexpu-core@2.0.0
62 silly idealTree ├── regjsgen@0.2.0
62 silly idealTree ├─┬ regjsparser@0.1.5
62 silly idealTree │ └── jsesc@0.5.0
62 silly idealTree ├── relateurl@0.2.7
62 silly idealTree ├─┬ renderkid@2.0.0
62 silly idealTree │ └── utila@0.3.3
62 silly idealTree ├── repeat-element@1.1.2
62 silly idealTree ├── repeat-string@1.6.1
62 silly idealTree ├── repeating@2.0.1
62 silly idealTree ├── request-progress@2.0.1
62 silly idealTree ├── request@2.74.0
62 silly idealTree ├── requires-port@1.0.0
62 silly idealTree ├── resolve@1.1.7
62 silly idealTree ├── right-align@0.1.3
62 silly idealTree ├─┬ rimraf@2.5.4
62 silly idealTree │ └── glob@7.1.1
62 silly idealTree ├── ripemd160@1.0.1
62 silly idealTree ├── sax@1.2.1
62 silly idealTree ├── semver@4.3.6
62 silly idealTree ├─┬ send@0.14.1
62 silly idealTree │ ├── debug@2.2.0
62 silly idealTree │ └── ms@0.7.1
62 silly idealTree ├── sentence-case@2.1.0
62 silly idealTree ├─┬ serve-index@1.8.0
62 silly idealTree │ ├── accepts@1.3.3
62 silly idealTree │ ├── debug@2.2.0
62 silly idealTree │ ├── ms@0.7.1
62 silly idealTree │ └── negotiator@0.6.1
62 silly idealTree ├── serve-static@1.11.1
62 silly idealTree ├── set-immediate-shim@1.0.1
62 silly idealTree ├── setprototypeof@1.0.1
62 silly idealTree ├── sha.js@2.4.5
62 silly idealTree ├── signal-exit@3.0.1
62 silly idealTree ├── slash@1.0.0
62 silly idealTree ├── snake-case@2.1.0
62 silly idealTree ├── sntp@1.0.9
62 silly idealTree ├─┬ socket.io-adapter@0.4.0
62 silly idealTree │ ├── debug@2.2.0
62 silly idealTree │ ├── ms@0.7.1
62 silly idealTree │ └─┬ socket.io-parser@2.2.2
62 silly idealTree │   └── debug@0.7.4
62 silly idealTree ├─┬ socket.io-client@1.4.6
62 silly idealTree │ ├── component-emitter@1.2.0
62 silly idealTree │ ├── debug@2.2.0
62 silly idealTree │ └── ms@0.7.1
62 silly idealTree ├─┬ socket.io-parser@2.2.6
62 silly idealTree │ ├── debug@2.2.0
62 silly idealTree │ ├── json3@3.3.2
62 silly idealTree │ └── ms@0.7.1
62 silly idealTree ├─┬ socket.io@1.4.7
62 silly idealTree │ ├── debug@2.2.0
62 silly idealTree │ └── ms@0.7.1
62 silly idealTree ├─┬ sockjs-client@1.1.1
62 silly idealTree │ ├── faye-websocket@0.11.0
62 silly idealTree │ └── json3@3.3.2
62 silly idealTree ├── sockjs@0.3.18
62 silly idealTree ├── sort-keys@1.1.2
62 silly idealTree ├── source-list-map@0.1.6
62 silly idealTree ├── source-map-support@0.4.6
62 silly idealTree ├── source-map@0.5.6
62 silly idealTree ├── spdx-correct@1.0.2
62 silly idealTree ├── spdx-expression-parse@1.0.4
62 silly idealTree ├── spdx-license-ids@1.2.2
62 silly idealTree ├── sprintf-js@1.0.3
62 silly idealTree ├─┬ sshpk@1.10.1
62 silly idealTree │ └── assert-plus@1.0.0
62 silly idealTree ├── statuses@1.3.0
62 silly idealTree ├─┬ stream-browserify@2.0.1
62 silly idealTree │ ├── isarray@1.0.0
62 silly idealTree │ └── readable-stream@2.1.5
62 silly idealTree ├── stream-cache@0.0.2
62 silly idealTree ├── strict-uri-encode@1.1.0
62 silly idealTree ├── string_decoder@0.10.31
62 silly idealTree ├── stringstream@0.0.5
62 silly idealTree ├── strip-ansi@3.0.1
62 silly idealTree ├── strip-bom@2.0.0
62 silly idealTree ├── strip-indent@1.0.1
62 silly idealTree ├── style-loader@0.13.1
62 silly idealTree ├── supports-color@3.1.2
62 silly idealTree ├── svgo@0.7.1
62 silly idealTree ├── swap-case@1.1.2
62 silly idealTree ├── tapable@0.1.10
62 silly idealTree ├── throttleit@1.0.0
62 silly idealTree ├── timers-browserify@1.4.2
62 silly idealTree ├── title-case@2.1.0
62 silly idealTree ├── tmp@0.0.28
62 silly idealTree ├── to-array@0.1.4
62 silly idealTree ├── to-fast-properties@1.0.2
62 silly idealTree ├── toposort@1.0.0
62 silly idealTree ├── tough-cookie@2.3.2
62 silly idealTree ├── trim-newlines@1.0.0
62 silly idealTree ├── tty-browserify@0.0.0
62 silly idealTree ├── tunnel-agent@0.4.3
62 silly idealTree ├── tweetnacl@0.14.3
62 silly idealTree ├── type-check@0.3.2
62 silly idealTree ├── type-is@1.6.13
62 silly idealTree ├── typedarray@0.0.6
62 silly idealTree ├─┬ uglify-js@2.7.4
62 silly idealTree │ └── async@0.2.10
62 silly idealTree ├── uglify-to-browserify@1.0.2
62 silly idealTree ├── ultron@1.0.2
62 silly idealTree ├── underscore@1.6.0
62 silly idealTree ├── uniq@1.0.1
62 silly idealTree ├── uniqid@4.1.0
62 silly idealTree ├── uniqs@2.0.0
62 silly idealTree ├── unpipe@1.0.0
62 silly idealTree ├── upper-case-first@1.1.2
62 silly idealTree ├── upper-case@1.1.3
62 silly idealTree ├── url-parse@1.1.7
62 silly idealTree ├─┬ url@0.11.0
62 silly idealTree │ └── punycode@1.3.2
62 silly idealTree ├── useragent@2.1.9
62 silly idealTree ├── utf8@2.1.0
62 silly idealTree ├── util-deprecate@1.0.2
62 silly idealTree ├─┬ util@0.10.3
62 silly idealTree │ └── inherits@2.0.1
62 silly idealTree ├── utila@0.4.0
62 silly idealTree ├── utils-merge@1.0.0
62 silly idealTree ├── uuid@2.0.3
62 silly idealTree ├── validate-npm-package-license@3.0.1
62 silly idealTree ├── vary@1.1.0
62 silly idealTree ├── vendors@1.0.1
62 silly idealTree ├── verror@1.3.6
62 silly idealTree ├── vm-browserify@0.0.4
62 silly idealTree ├── void-elements@2.0.1
62 silly idealTree ├─┬ watchpack@0.2.9
62 silly idealTree │ └── async@0.9.2
62 silly idealTree ├─┬ webpack-core@0.6.8
62 silly idealTree │ └── source-map@0.4.4
62 silly idealTree ├── webpack-dev-middleware@1.8.4
62 silly idealTree ├── webpack-dev-server@1.16.2
62 silly idealTree ├── webpack-sources@0.1.2
62 silly idealTree ├─┬ webpack@1.13.3
62 silly idealTree │ ├── constants-browserify@0.0.1
62 silly idealTree │ ├── crypto-browserify@3.2.8
62 silly idealTree │ ├── https-browserify@0.0.0
62 silly idealTree │ ├── node-libs-browser@0.6.0
62 silly idealTree │ ├── os-browserify@0.1.2
62 silly idealTree │ ├── readable-stream@1.1.14
62 silly idealTree │ ├── ripemd160@0.2.0
62 silly idealTree │ ├── sha.js@2.2.6
62 silly idealTree │ ├── stream-browserify@1.0.0
62 silly idealTree │ └─┬ url@0.10.3
62 silly idealTree │   └── punycode@1.3.2
62 silly idealTree ├── websocket-driver@0.6.5
62 silly idealTree ├── websocket-extensions@0.1.1
62 silly idealTree ├── whet.extend@0.9.9
62 silly idealTree ├── which@1.2.11
62 silly idealTree ├── window-size@0.1.0
62 silly idealTree ├── wordwrap@0.0.2
62 silly idealTree ├── wrappy@1.0.2
62 silly idealTree ├── ws@1.0.1
62 silly idealTree ├── xml-char-classes@1.0.0
62 silly idealTree ├── xmlhttprequest-ssl@1.5.1
62 silly idealTree ├── xtend@4.0.1
62 silly idealTree ├── yargs@3.10.0
62 silly idealTree ├── yauzl@2.4.1
62 silly idealTree └── yeast@0.1.2
63 silly generateActionsToTake Starting
64 silly install generateActionsToTake
65 silly generateActionsToTake Finishing
66 silly diffTrees action count 1
67 silly diffTrees add ng-image-input-with-preview@0.0.5
68 silly decomposeActions action count 8
69 silly decomposeActions fetch ng-image-input-with-preview@0.0.5
70 silly decomposeActions extract ng-image-input-with-preview@0.0.5
71 silly decomposeActions test ng-image-input-with-preview@0.0.5
72 silly decomposeActions preinstall ng-image-input-with-preview@0.0.5
73 silly decomposeActions build ng-image-input-with-preview@0.0.5
74 silly decomposeActions install ng-image-input-with-preview@0.0.5
75 silly decomposeActions postinstall ng-image-input-with-preview@0.0.5
76 silly decomposeActions finalize ng-image-input-with-preview@0.0.5
77 silly executeActions Starting
78 silly install executeActions
79 silly doSerial global-install 0
80 silly doParallel fetch 1
81 verbose correctMkdir /Users/aaronarakawa/.npm/_locks correctMkdir not in flight; initializing
82 verbose lock using /Users/aaronarakawa/.npm/_locks/staging-6a182e195759676d.lock for /Users/aaronarakawa/Desktop/finalProject2016/frenZone/node_modules/.staging
83 silly doParallel extract 1
84 silly extract ng-image-input-with-preview@0.0.5
85 verbose unbuild node_modules/.staging/ng-image-input-with-preview-2fd9bb0b
86 silly gentlyRm /Users/aaronarakawa/Desktop/finalProject2016/frenZone/node_modules/.staging/ng-image-input-with-preview-2fd9bb0b is being purged from base /Users/aaronarakawa/Desktop/finalProject2016/frenZone
87 verbose gentlyRm don't care about contents; nuking /Users/aaronarakawa/Desktop/finalProject2016/frenZone/node_modules/.staging/ng-image-input-with-preview-2fd9bb0b
88 verbose tar unpack /Users/aaronarakawa/.npm/ng-image-input-with-preview/0.0.5/package.tgz
89 verbose tar unpacking to /Users/aaronarakawa/Desktop/finalProject2016/frenZone/node_modules/.staging/ng-image-input-with-preview-2fd9bb0b
90 silly gentlyRm /Users/aaronarakawa/Desktop/finalProject2016/frenZone/node_modules/.staging/ng-image-input-with-preview-2fd9bb0b is being purged
91 verbose gentlyRm don't care about contents; nuking /Users/aaronarakawa/Desktop/finalProject2016/frenZone/node_modules/.staging/ng-image-input-with-preview-2fd9bb0b
92 silly gunzTarPerm modes [ '755', '644' ]
93 silly gunzTarPerm extractEntry package.json
94 silly gunzTarPerm extractEntry .npmignore
95 silly gunzTarPerm extractEntry README.md
96 silly gunzTarPerm extractEntry LICENSE
97 silly gunzTarPerm extractEntry Gruntfile.js
98 silly gunzTarPerm extractEntry .jshintrc
99 silly gunzTarPerm extractEntry bower.json
100 silly gunzTarPerm extractEntry .travis.yml
101 silly gunzTarPerm extractEntry demo/app.js
102 silly gunzTarPerm extractEntry demo/index.html
103 silly gunzTarPerm extractEntry demo/style.less
104 silly gunzTarPerm extractEntry dist/ng-image-input-with-preview.js
105 silly gunzTarPerm extractEntry dist/ng-image-input-with-preview.min.js
106 silly gunzTarPerm extractEntry dist/ng-image-input-with-preview.css
107 silly gunzTarPerm extractEntry dist/ng-image-input-with-preview.min.css
108 silly gunzTarPerm extractEntry tasks/files.js
109 silly gunzTarPerm extractEntry tasks/helpers.js
110 silly gunzTarPerm extractEntry tasks/options/bump.js
111 silly gunzTarPerm extractEntry tasks/options/coveralls.js
112 silly gunzTarPerm extractEntry tasks/options/jshint.js
113 silly gunzTarPerm extractEntry tasks/options/karma.js
114 silly gunzTarPerm extractEntry tasks/options/connect.js
115 silly gunzTarPerm extractEntry tasks/options/ngAnnotate.js
116 silly gunzTarPerm extractEntry tasks/options/npm-contributors.js
117 silly gunzTarPerm extractEntry tasks/options/parallel.js
118 silly gunzTarPerm extractEntry tasks/options/shell.js
119 silly gunzTarPerm extractEntry tasks/options/uglify.js
120 silly gunzTarPerm extractEntry tasks/options/concat.js
121 silly gunzTarPerm extractEntry tasks/options/watch.js
122 silly gunzTarPerm extractEntry tasks/options/less.js
123 silly gunzTarPerm extractEntry tasks/templates/banner-min.tpl
124 silly gunzTarPerm extractEntry tasks/templates/banner.tpl
125 silly gunzTarPerm extractEntry tasks/templates/wrap-bottom.tpl
126 silly gunzTarPerm extractEntry tasks/templates/wrap-top.tpl
127 silly gunzTarPerm extractEntry src/js/fileReader.service.js
128 silly gunzTarPerm extractEntry src/js/imageWithPreview.directive.js
129 silly gunzTarPerm extractEntry src/less/style.less
130 silly gunzTarPerm extractEntry test/unit/SpecHelper.js
131 silly gunzTarPerm extractEntry test/unit/imageWithPreview.directiveSpec.js
132 silly gunzTarPerm extractEntry test/unit/setupSpec.js
133 silly gentlyRm /Users/aaronarakawa/Desktop/finalProject2016/frenZone/node_modules/.staging/ng-image-input-with-preview-2fd9bb0b/node_modules is being purged
134 verbose gentlyRm don't care about contents; nuking /Users/aaronarakawa/Desktop/finalProject2016/frenZone/node_modules/.staging/ng-image-input-with-preview-2fd9bb0b/node_modules
135 silly doParallel preinstall 1
136 silly preinstall ng-image-input-with-preview@0.0.5 /Users/aaronarakawa/Desktop/finalProject2016/frenZone/node_modules/.staging/ng-image-input-with-preview-2fd9bb0b
137 info lifecycle ng-image-input-with-preview@0.0.5~preinstall: ng-image-input-with-preview@0.0.5
138 silly lifecycle ng-image-input-with-preview@0.0.5~preinstall: no script for preinstall, continuing
139 silly doReverseSerial remove 0
140 silly doSerial move 0
141 silly doSerial finalize 1
142 silly finalize /Users/aaronarakawa/Desktop/finalProject2016/frenZone/node_modules/ng-image-input-with-preview
143 silly doSerial build 1
144 silly build ng-image-input-with-preview@0.0.5
145 info linkStuff ng-image-input-with-preview@0.0.5
146 silly linkStuff ng-image-input-with-preview@0.0.5 has /Users/aaronarakawa/Desktop/finalProject2016/frenZone/node_modules as its parent node_modules
147 verbose linkBins ng-image-input-with-preview@0.0.5
148 verbose linkMans ng-image-input-with-preview@0.0.5
149 silly doSerial global-link 0
150 silly doParallel update-linked 0
151 silly doSerial install 1
152 silly install ng-image-input-with-preview@0.0.5 /Users/aaronarakawa/Desktop/finalProject2016/frenZone/node_modules/.staging/ng-image-input-with-preview-2fd9bb0b
153 info lifecycle ng-image-input-with-preview@0.0.5~install: ng-image-input-with-preview@0.0.5
154 silly lifecycle ng-image-input-with-preview@0.0.5~install: no script for install, continuing
155 silly doSerial postinstall 1
156 silly postinstall ng-image-input-with-preview@0.0.5 /Users/aaronarakawa/Desktop/finalProject2016/frenZone/node_modules/.staging/ng-image-input-with-preview-2fd9bb0b
157 info lifecycle ng-image-input-with-preview@0.0.5~postinstall: ng-image-input-with-preview@0.0.5
158 verbose lifecycle ng-image-input-with-preview@0.0.5~postinstall: unsafe-perm in lifecycle true
159 verbose lifecycle ng-image-input-with-preview@0.0.5~postinstall: PATH: /usr/local/lib/node_modules/npm/bin/node-gyp-bin:/Users/aaronarakawa/Desktop/finalProject2016/frenZone/node_modules/ng-image-input-with-preview/node_modules/.bin:/Users/aaronarakawa/Desktop/finalProject2016/frenZone/node_modules/.bin:/usr/local/bin:/usr/bin:/bin:/usr/sbin:/sbin:/usr/local/bin:/Applications/Postgres.app/Contents/Versions/latest/bin
160 verbose lifecycle ng-image-input-with-preview@0.0.5~postinstall: CWD: /Users/aaronarakawa/Desktop/finalProject2016/frenZone/node_modules/ng-image-input-with-preview
161 silly lifecycle ng-image-input-with-preview@0.0.5~postinstall: Args: [ '-c',
161 silly lifecycle   'bower install && ln -sf ./node_modules/grunt-cli/bin/grunt ./grunt && ./grunt build' ]
162 info lifecycle ng-image-input-with-preview@0.0.5~postinstall: Failed to exec postinstall script
163 verbose unlock done using /Users/aaronarakawa/.npm/_locks/staging-6a182e195759676d.lock for /Users/aaronarakawa/Desktop/finalProject2016/frenZone/node_modules/.staging
164 silly rollbackFailedOptional Starting
165 silly rollbackFailedOptional Finishing
166 silly runTopLevelLifecycles Starting
167 silly runTopLevelLifecycles Finishing
168 silly install printInstalled
169 verbose stack Error: ng-image-input-with-preview@0.0.5 postinstall: `bower install && ln -sf ./node_modules/grunt-cli/bin/grunt ./grunt && ./grunt build`
169 verbose stack spawn ENOENT
169 verbose stack     at ChildProcess.<anonymous> (/usr/local/lib/node_modules/npm/lib/utils/spawn.js:33:16)
169 verbose stack     at emitTwo (events.js:106:13)
169 verbose stack     at ChildProcess.emit (events.js:191:7)
169 verbose stack     at maybeClose (internal/child_process.js:852:16)
169 verbose stack     at Process.ChildProcess._handle.onexit (internal/child_process.js:215:5)
170 verbose pkgid ng-image-input-with-preview@0.0.5
171 verbose cwd /Users/aaronarakawa/Desktop/finalProject2016/frenZone
172 error Darwin 15.6.0
173 error argv "/usr/local/bin/node" "/usr/local/bin/npm" "install" "--save" "ng-image-input-with-preview"
174 error node v6.4.0
175 error npm  v3.10.3
176 error file sh
177 error code ELIFECYCLE
178 error errno ENOENT
179 error syscall spawn
180 error ng-image-input-with-preview@0.0.5 postinstall: `bower install && ln -sf ./node_modules/grunt-cli/bin/grunt ./grunt && ./grunt build`
180 error spawn ENOENT
181 error Failed at the ng-image-input-with-preview@0.0.5 postinstall script 'bower install && ln -sf ./node_modules/grunt-cli/bin/grunt ./grunt && ./grunt build'.
181 error Make sure you have the latest version of node.js and npm installed.
181 error If you do, this is most likely a problem with the ng-image-input-with-preview package,
181 error not with npm itself.
181 error Tell the author that this fails on your system:
181 error     bower install && ln -sf ./node_modules/grunt-cli/bin/grunt ./grunt && ./grunt build
181 error You can get information on how to open an issue for this project with:
181 error     npm bugs ng-image-input-with-preview
181 error Or if that isn't available, you can get their info via:
181 error     npm owner ls ng-image-input-with-preview
181 error There is likely additional logging output above.
182 verbose exit [ 1, true ]
